13-Jan-2018 10:48:01.258 INFO [main] org.apache.catalina.startup.VersionLoggerListener.log Server version:        Apache Tomcat/8.0.42
13-Jan-2018 10:48:01.282 INFO [main] org.apache.catalina.startup.VersionLoggerListener.log Server built:          Mar 8 2017 19:58:16 UTC
13-Jan-2018 10:48:01.282 INFO [main] org.apache.catalina.startup.VersionLoggerListener.log Server number:         8.0.42.0
13-Jan-2018 10:48:01.283 INFO [main] org.apache.catalina.startup.VersionLoggerListener.log OS Name:               Linux
13-Jan-2018 10:48:01.283 INFO [main] org.apache.catalina.startup.VersionLoggerListener.log OS Version:            4.4.0-62-generic
13-Jan-2018 10:48:01.283 INFO [main] org.apache.catalina.startup.VersionLoggerListener.log Architecture:          amd64
13-Jan-2018 10:48:01.283 INFO [main] org.apache.catalina.startup.VersionLoggerListener.log Java Home:             /opt/softwares/jdk1.7.0_40/jre
13-Jan-2018 10:48:01.284 INFO [main] org.apache.catalina.startup.VersionLoggerListener.log JVM Version:           1.7.0_40-b43
13-Jan-2018 10:48:01.284 INFO [main] org.apache.catalina.startup.VersionLoggerListener.log JVM Vendor:            Oracle Corporation
13-Jan-2018 10:48:01.284 INFO [main] org.apache.catalina.startup.VersionLoggerListener.log CATALINA_BASE:         /opt/tomcat-8
13-Jan-2018 10:48:01.284 INFO [main] org.apache.catalina.startup.VersionLoggerListener.log CATALINA_HOME:         /opt/tomcat-8
13-Jan-2018 10:48:01.285 INFO [main] org.apache.catalina.startup.VersionLoggerListener.log Command line argument: -Djava.util.logging.config.file=/opt/tomcat-8/conf/logging.properties
13-Jan-2018 10:48:01.285 INFO [main] org.apache.catalina.startup.VersionLoggerListener.log Command line argument: -Djava.util.logging.manager=org.apache.juli.ClassLoaderLogManager
13-Jan-2018 10:48:01.285 INFO [main] org.apache.catalina.startup.VersionLoggerListener.log Command line argument: -Xms512M
13-Jan-2018 10:48:01.285 INFO [main] org.apache.catalina.startup.VersionLoggerListener.log Command line argument: -Xmx768M
13-Jan-2018 10:48:01.286 INFO [main] org.apache.catalina.startup.VersionLoggerListener.log Command line argument: -XX:MaxPermSize=256m
13-Jan-2018 10:48:01.286 INFO [main] org.apache.catalina.startup.VersionLoggerListener.log Command line argument: -Djdk.tls.ephemeralDHKeySize=2048
13-Jan-2018 10:48:01.286 INFO [main] org.apache.catalina.startup.VersionLoggerListener.log Command line argument: -Djava.protocol.handler.pkgs=org.apache.catalina.webresources
13-Jan-2018 10:48:01.286 INFO [main] org.apache.catalina.startup.VersionLoggerListener.log Command line argument: -Djava.endorsed.dirs=/opt/tomcat-8/endorsed
13-Jan-2018 10:48:01.287 INFO [main] org.apache.catalina.startup.VersionLoggerListener.log Command line argument: -Dcatalina.base=/opt/tomcat-8
13-Jan-2018 10:48:01.287 INFO [main] org.apache.catalina.startup.VersionLoggerListener.log Command line argument: -Dcatalina.home=/opt/tomcat-8
13-Jan-2018 10:48:01.287 INFO [main] org.apache.catalina.startup.VersionLoggerListener.log Command line argument: -Djava.io.tmpdir=/opt/tomcat-8/temp
13-Jan-2018 10:48:01.287 INFO [main] org.apache.catalina.core.AprLifecycleListener.lifecycleEvent The APR based Apache Tomcat Native library which allows optimal performance in production environments was not found on the java.library.path: /usr/java/packages/lib/amd64:/usr/lib64:/lib64:/lib:/usr/lib
13-Jan-2018 10:48:01.704 INFO [main] org.apache.coyote.AbstractProtocol.init Initializing ProtocolHandler ["http-nio-8080"]
13-Jan-2018 10:48:02.100 INFO [main] org.apache.tomcat.util.net.NioSelectorPool.getSharedSelector Using a shared selector for servlet write/read
13-Jan-2018 10:48:02.110 INFO [main] org.apache.coyote.AbstractProtocol.init Initializing ProtocolHandler ["ajp-nio-8009"]
13-Jan-2018 10:48:02.112 INFO [main] org.apache.tomcat.util.net.NioSelectorPool.getSharedSelector Using a shared selector for servlet write/read
13-Jan-2018 10:48:02.112 INFO [main] org.apache.catalina.startup.Catalina.load Initialization processed in 1982 ms
13-Jan-2018 10:48:02.193 INFO [main] org.apache.catalina.core.StandardService.startInternal Starting service Catalina
13-Jan-2018 10:48:02.194 INFO [main] org.apache.catalina.core.StandardEngine.startInternal Starting Servlet Engine: Apache Tomcat/8.0.42
13-Jan-2018 10:48:02.231 INFO [localhost-startStop-1] org.apache.catalina.startup.HostConfig.deployDescriptor Deploying configuration descriptor /opt/tomcat-8/conf/Catalina/localhost/idp.xml
13-Jan-2018 10:48:04.943 INFO [localhost-startStop-1] org.apache.jasper.servlet.TldScanner.scanJars At least one JAR was scanned for TLDs yet contained no TLDs. Enable debug logging for this logger for a complete list of JARs that were scanned but no TLDs were found in them. Skipping unneeded JARs during scanning can improve startup time and JSP compilation time.
13-Jan-2018 10:48:21.064 INFO [localhost-startStop-1] org.apache.catalina.startup.HostConfig.deployDescriptor Deployment of configuration descriptor /opt/tomcat-8/conf/Catalina/localhost/idp.xml has finished in 18,832 ms
13-Jan-2018 10:48:21.071 INFO [localhost-startStop-1] org.apache.catalina.startup.HostConfig.deployDirectory Deploying web application directory /opt/tomcat-8/webapps/manager
13-Jan-2018 10:48:21.363 INFO [localhost-startStop-1] org.apache.jasper.servlet.TldScanner.scanJars At least one JAR was scanned for TLDs yet contained no TLDs. Enable debug logging for this logger for a complete list of JARs that were scanned but no TLDs were found in them. Skipping unneeded JARs during scanning can improve startup time and JSP compilation time.
13-Jan-2018 10:48:21.373 INFO [localhost-startStop-1] org.apache.catalina.startup.HostConfig.deployDirectory Deployment of web application directory /opt/tomcat-8/webapps/manager has finished in 302 ms
13-Jan-2018 10:48:21.378 INFO [localhost-startStop-1] org.apache.catalina.startup.HostConfig.deployDirectory Deploying web application directory /opt/tomcat-8/webapps/host-manager
13-Jan-2018 10:48:21.661 INFO [localhost-startStop-1] org.apache.jasper.servlet.TldScanner.scanJars At least one JAR was scanned for TLDs yet contained no TLDs. Enable debug logging for this logger for a complete list of JARs that were scanned but no TLDs were found in them. Skipping unneeded JARs during scanning can improve startup time and JSP compilation time.
13-Jan-2018 10:48:21.670 INFO [localhost-startStop-1] org.apache.catalina.startup.HostConfig.deployDirectory Deployment of web application directory /opt/tomcat-8/webapps/host-manager has finished in 292 ms
13-Jan-2018 10:48:21.670 INFO [localhost-startStop-1] org.apache.catalina.startup.HostConfig.deployDirectory Deploying web application directory /opt/tomcat-8/webapps/examples
13-Jan-2018 10:48:22.938 INFO [localhost-startStop-1] org.apache.jasper.servlet.TldScanner.scanJars At least one JAR was scanned for TLDs yet contained no TLDs. Enable debug logging for this logger for a complete list of JARs that were scanned but no TLDs were found in them. Skipping unneeded JARs during scanning can improve startup time and JSP compilation time.
13-Jan-2018 10:48:22.957 INFO [localhost-startStop-1] org.apache.catalina.startup.HostConfig.deployDirectory Deployment of web application directory /opt/tomcat-8/webapps/examples has finished in 1,287 ms
13-Jan-2018 10:48:22.965 INFO [localhost-startStop-1] org.apache.catalina.startup.HostConfig.deployDirectory Deploying web application directory /opt/tomcat-8/webapps/docs
13-Jan-2018 10:48:23.061 INFO [localhost-startStop-1] org.apache.jasper.servlet.TldScanner.scanJars At least one JAR was scanned for TLDs yet contained no TLDs. Enable debug logging for this logger for a complete list of JARs that were scanned but no TLDs were found in them. Skipping unneeded JARs during scanning can improve startup time and JSP compilation time.
13-Jan-2018 10:48:23.063 INFO [localhost-startStop-1] org.apache.catalina.startup.HostConfig.deployDirectory Deployment of web application directory /opt/tomcat-8/webapps/docs has finished in 98 ms
13-Jan-2018 10:48:23.063 INFO [localhost-startStop-1] org.apache.catalina.startup.HostConfig.deployDirectory Deploying web application directory /opt/tomcat-8/webapps/ROOT
13-Jan-2018 10:48:23.158 INFO [localhost-startStop-1] org.apache.jasper.servlet.TldScanner.scanJars At least one JAR was scanned for TLDs yet contained no TLDs. Enable debug logging for this logger for a complete list of JARs that were scanned but no TLDs were found in them. Skipping unneeded JARs during scanning can improve startup time and JSP compilation time.
13-Jan-2018 10:48:23.159 INFO [localhost-startStop-1] org.apache.catalina.startup.HostConfig.deployDirectory Deployment of web application directory /opt/tomcat-8/webapps/ROOT has finished in 96 ms
13-Jan-2018 10:48:23.166 INFO [main] org.apache.coyote.AbstractProtocol.start Starting ProtocolHandler ["http-nio-8080"]
13-Jan-2018 10:48:23.172 INFO [main] org.apache.coyote.AbstractProtocol.start Starting ProtocolHandler ["ajp-nio-8009"]
13-Jan-2018 10:48:23.174 INFO [main] org.apache.catalina.startup.Catalina.start Server startup in 21061 ms
13-Jan-2018 15:02:18.031 INFO [main] org.apache.catalina.startup.VersionLoggerListener.log Server version:        Apache Tomcat/8.0.42
13-Jan-2018 15:02:18.035 INFO [main] org.apache.catalina.startup.VersionLoggerListener.log Server built:          Mar 8 2017 19:58:16 UTC
13-Jan-2018 15:02:18.035 INFO [main] org.apache.catalina.startup.VersionLoggerListener.log Server number:         8.0.42.0
13-Jan-2018 15:02:18.036 INFO [main] org.apache.catalina.startup.VersionLoggerListener.log OS Name:               Linux
13-Jan-2018 15:02:18.036 INFO [main] org.apache.catalina.startup.VersionLoggerListener.log OS Version:            4.4.0-62-generic
13-Jan-2018 15:02:18.036 INFO [main] org.apache.catalina.startup.VersionLoggerListener.log Architecture:          amd64
13-Jan-2018 15:02:18.036 INFO [main] org.apache.catalina.startup.VersionLoggerListener.log Java Home:             /opt/softwares/jdk1.7.0_40/jre
13-Jan-2018 15:02:18.036 INFO [main] org.apache.catalina.startup.VersionLoggerListener.log JVM Version:           1.7.0_40-b43
13-Jan-2018 15:02:18.037 INFO [main] org.apache.catalina.startup.VersionLoggerListener.log JVM Vendor:            Oracle Corporation
13-Jan-2018 15:02:18.037 INFO [main] org.apache.catalina.startup.VersionLoggerListener.log CATALINA_BASE:         /opt/tomcat-8
13-Jan-2018 15:02:18.037 INFO [main] org.apache.catalina.startup.VersionLoggerListener.log CATALINA_HOME:         /opt/tomcat-8
13-Jan-2018 15:02:18.038 INFO [main] org.apache.catalina.startup.VersionLoggerListener.log Command line argument: -Djava.util.logging.config.file=/opt/tomcat-8/conf/logging.properties
13-Jan-2018 15:02:18.038 INFO [main] org.apache.catalina.startup.VersionLoggerListener.log Command line argument: -Djava.util.logging.manager=org.apache.juli.ClassLoaderLogManager
13-Jan-2018 15:02:18.038 INFO [main] org.apache.catalina.startup.VersionLoggerListener.log Command line argument: -Xms512M
13-Jan-2018 15:02:18.038 INFO [main] org.apache.catalina.startup.VersionLoggerListener.log Command line argument: -Xmx768M
13-Jan-2018 15:02:18.038 INFO [main] org.apache.catalina.startup.VersionLoggerListener.log Command line argument: -XX:MaxPermSize=256m
13-Jan-2018 15:02:18.039 INFO [main] org.apache.catalina.startup.VersionLoggerListener.log Command line argument: -Djdk.tls.ephemeralDHKeySize=2048
13-Jan-2018 15:02:18.039 INFO [main] org.apache.catalina.startup.VersionLoggerListener.log Command line argument: -Djava.protocol.handler.pkgs=org.apache.catalina.webresources
13-Jan-2018 15:02:18.039 INFO [main] org.apache.catalina.startup.VersionLoggerListener.log Command line argument: -Djava.endorsed.dirs=/opt/tomcat-8/endorsed
13-Jan-2018 15:02:18.039 INFO [main] org.apache.catalina.startup.VersionLoggerListener.log Command line argument: -Dcatalina.base=/opt/tomcat-8
13-Jan-2018 15:02:18.039 INFO [main] org.apache.catalina.startup.VersionLoggerListener.log Command line argument: -Dcatalina.home=/opt/tomcat-8
13-Jan-2018 15:02:18.040 INFO [main] org.apache.catalina.startup.VersionLoggerListener.log Command line argument: -Djava.io.tmpdir=/opt/tomcat-8/temp
13-Jan-2018 15:02:18.040 INFO [main] org.apache.catalina.core.AprLifecycleListener.lifecycleEvent The APR based Apache Tomcat Native library which allows optimal performance in production environments was not found on the java.library.path: /usr/java/packages/lib/amd64:/usr/lib64:/lib64:/lib:/usr/lib
13-Jan-2018 15:02:18.219 INFO [main] org.apache.coyote.AbstractProtocol.init Initializing ProtocolHandler ["http-nio-8080"]
13-Jan-2018 15:02:18.246 SEVERE [main] org.apache.coyote.AbstractProtocol.init Failed to initialize end point associated with ProtocolHandler ["http-nio-8080"]
 java.net.BindException: Address already in use
	at sun.nio.ch.Net.bind0(Native Method)
	at sun.nio.ch.Net.bind(Net.java:444)
	at sun.nio.ch.Net.bind(Net.java:436)
	at sun.nio.ch.ServerSocketChannelImpl.bind(ServerSocketChannelImpl.java:214)
	at sun.nio.ch.ServerSocketAdaptor.bind(ServerSocketAdaptor.java:74)
	at org.apache.tomcat.util.net.NioEndpoint.bind(NioEndpoint.java:350)
	at org.apache.tomcat.util.net.AbstractEndpoint.init(AbstractEndpoint.java:810)
	at org.apache.coyote.AbstractProtocol.init(AbstractProtocol.java:476)
	at org.apache.coyote.http11.AbstractHttp11JsseProtocol.init(AbstractHttp11JsseProtocol.java:120)
	at org.apache.catalina.connector.Connector.initInternal(Connector.java:960)
	at org.apache.catalina.util.LifecycleBase.init(LifecycleBase.java:102)
	at org.apache.catalina.core.StandardService.initInternal(StandardService.java:568)
	at org.apache.catalina.util.LifecycleBase.init(LifecycleBase.java:102)
	at org.apache.catalina.core.StandardServer.initInternal(StandardServer.java:871)
	at org.apache.catalina.util.LifecycleBase.init(LifecycleBase.java:102)
	at org.apache.catalina.startup.Catalina.load(Catalina.java:580)
	at org.apache.catalina.startup.Catalina.load(Catalina.java:603)
	at sun.reflect.NativeMethodAccessorImpl.invoke0(Native Method)
	at sun.reflect.NativeMethodAccessorImpl.invoke(NativeMethodAccessorImpl.java:57)
	at sun.reflect.DelegatingMethodAccessorImpl.invoke(DelegatingMethodAccessorImpl.java:43)
	at java.lang.reflect.Method.invoke(Method.java:606)
	at org.apache.catalina.startup.Bootstrap.load(Bootstrap.java:310)
	at org.apache.catalina.startup.Bootstrap.main(Bootstrap.java:484)

13-Jan-2018 15:02:18.247 SEVERE [main] org.apache.catalina.core.StandardService.initInternal Failed to initialize connector [Connector[HTTP/1.1-8080]]
 org.apache.catalina.LifecycleException: Failed to initialize component [Connector[HTTP/1.1-8080]]
	at org.apache.catalina.util.LifecycleBase.init(LifecycleBase.java:107)
	at org.apache.catalina.core.StandardService.initInternal(StandardService.java:568)
	at org.apache.catalina.util.LifecycleBase.init(LifecycleBase.java:102)
	at org.apache.catalina.core.StandardServer.initInternal(StandardServer.java:871)
	at org.apache.catalina.util.LifecycleBase.init(LifecycleBase.java:102)
	at org.apache.catalina.startup.Catalina.load(Catalina.java:580)
	at org.apache.catalina.startup.Catalina.load(Catalina.java:603)
	at sun.reflect.NativeMethodAccessorImpl.invoke0(Native Method)
	at sun.reflect.NativeMethodAccessorImpl.invoke(NativeMethodAccessorImpl.java:57)
	at sun.reflect.DelegatingMethodAccessorImpl.invoke(DelegatingMethodAccessorImpl.java:43)
	at java.lang.reflect.Method.invoke(Method.java:606)
	at org.apache.catalina.startup.Bootstrap.load(Bootstrap.java:310)
	at org.apache.catalina.startup.Bootstrap.main(Bootstrap.java:484)
Caused by: org.apache.catalina.LifecycleException: Protocol handler initialization failed
	at org.apache.catalina.connector.Connector.initInternal(Connector.java:962)
	at org.apache.catalina.util.LifecycleBase.init(LifecycleBase.java:102)
	... 12 more
Caused by: java.net.BindException: Address already in use
	at sun.nio.ch.Net.bind0(Native Method)
	at sun.nio.ch.Net.bind(Net.java:444)
	at sun.nio.ch.Net.bind(Net.java:436)
	at sun.nio.ch.ServerSocketChannelImpl.bind(ServerSocketChannelImpl.java:214)
	at sun.nio.ch.ServerSocketAdaptor.bind(ServerSocketAdaptor.java:74)
	at org.apache.tomcat.util.net.NioEndpoint.bind(NioEndpoint.java:350)
	at org.apache.tomcat.util.net.AbstractEndpoint.init(AbstractEndpoint.java:810)
	at org.apache.coyote.AbstractProtocol.init(AbstractProtocol.java:476)
	at org.apache.coyote.http11.AbstractHttp11JsseProtocol.init(AbstractHttp11JsseProtocol.java:120)
	at org.apache.catalina.connector.Connector.initInternal(Connector.java:960)
	... 13 more

13-Jan-2018 15:02:18.248 INFO [main] org.apache.coyote.AbstractProtocol.init Initializing ProtocolHandler ["ajp-nio-8009"]
13-Jan-2018 15:02:18.255 SEVERE [main] org.apache.coyote.AbstractProtocol.init Failed to initialize end point associated with ProtocolHandler ["ajp-nio-8009"]
 java.net.BindException: Address already in use
	at sun.nio.ch.Net.bind0(Native Method)
	at sun.nio.ch.Net.bind(Net.java:444)
	at sun.nio.ch.Net.bind(Net.java:436)
	at sun.nio.ch.ServerSocketChannelImpl.bind(ServerSocketChannelImpl.java:214)
	at sun.nio.ch.ServerSocketAdaptor.bind(ServerSocketAdaptor.java:74)
	at org.apache.tomcat.util.net.NioEndpoint.bind(NioEndpoint.java:350)
	at org.apache.tomcat.util.net.AbstractEndpoint.init(AbstractEndpoint.java:810)
	at org.apache.coyote.AbstractProtocol.init(AbstractProtocol.java:476)
	at org.apache.catalina.connector.Connector.initInternal(Connector.java:960)
	at org.apache.catalina.util.LifecycleBase.init(LifecycleBase.java:102)
	at org.apache.catalina.core.StandardService.initInternal(StandardService.java:568)
	at org.apache.catalina.util.LifecycleBase.init(LifecycleBase.java:102)
	at org.apache.catalina.core.StandardServer.initInternal(StandardServer.java:871)
	at org.apache.catalina.util.LifecycleBase.init(LifecycleBase.java:102)
	at org.apache.catalina.startup.Catalina.load(Catalina.java:580)
	at org.apache.catalina.startup.Catalina.load(Catalina.java:603)
	at sun.reflect.NativeMethodAccessorImpl.invoke0(Native Method)
	at sun.reflect.NativeMethodAccessorImpl.invoke(NativeMethodAccessorImpl.java:57)
	at sun.reflect.DelegatingMethodAccessorImpl.invoke(DelegatingMethodAccessorImpl.java:43)
	at java.lang.reflect.Method.invoke(Method.java:606)
	at org.apache.catalina.startup.Bootstrap.load(Bootstrap.java:310)
	at org.apache.catalina.startup.Bootstrap.main(Bootstrap.java:484)

13-Jan-2018 15:02:18.258 SEVERE [main] org.apache.catalina.core.StandardService.initInternal Failed to initialize connector [Connector[AJP/1.3-8009]]
 org.apache.catalina.LifecycleException: Failed to initialize component [Connector[AJP/1.3-8009]]
	at org.apache.catalina.util.LifecycleBase.init(LifecycleBase.java:107)
	at org.apache.catalina.core.StandardService.initInternal(StandardService.java:568)
	at org.apache.catalina.util.LifecycleBase.init(LifecycleBase.java:102)
	at org.apache.catalina.core.StandardServer.initInternal(StandardServer.java:871)
	at org.apache.catalina.util.LifecycleBase.init(LifecycleBase.java:102)
	at org.apache.catalina.startup.Catalina.load(Catalina.java:580)
	at org.apache.catalina.startup.Catalina.load(Catalina.java:603)
	at sun.reflect.NativeMethodAccessorImpl.invoke0(Native Method)
	at sun.reflect.NativeMethodAccessorImpl.invoke(NativeMethodAccessorImpl.java:57)
	at sun.reflect.DelegatingMethodAccessorImpl.invoke(DelegatingMethodAccessorImpl.java:43)
	at java.lang.reflect.Method.invoke(Method.java:606)
	at org.apache.catalina.startup.Bootstrap.load(Bootstrap.java:310)
	at org.apache.catalina.startup.Bootstrap.main(Bootstrap.java:484)
Caused by: org.apache.catalina.LifecycleException: Protocol handler initialization failed
	at org.apache.catalina.connector.Connector.initInternal(Connector.java:962)
	at org.apache.catalina.util.LifecycleBase.init(LifecycleBase.java:102)
	... 12 more
Caused by: java.net.BindException: Address already in use
	at sun.nio.ch.Net.bind0(Native Method)
	at sun.nio.ch.Net.bind(Net.java:444)
	at sun.nio.ch.Net.bind(Net.java:436)
	at sun.nio.ch.ServerSocketChannelImpl.bind(ServerSocketChannelImpl.java:214)
	at sun.nio.ch.ServerSocketAdaptor.bind(ServerSocketAdaptor.java:74)
	at org.apache.tomcat.util.net.NioEndpoint.bind(NioEndpoint.java:350)
	at org.apache.tomcat.util.net.AbstractEndpoint.init(AbstractEndpoint.java:810)
	at org.apache.coyote.AbstractProtocol.init(AbstractProtocol.java:476)
	at org.apache.catalina.connector.Connector.initInternal(Connector.java:960)
	... 13 more

13-Jan-2018 15:02:18.259 INFO [main] org.apache.catalina.startup.Catalina.load Initialization processed in 870 ms
13-Jan-2018 15:02:18.308 INFO [main] org.apache.catalina.core.StandardService.startInternal Starting service Catalina
13-Jan-2018 15:02:18.310 INFO [main] org.apache.catalina.core.StandardEngine.startInternal Starting Servlet Engine: Apache Tomcat/8.0.42
13-Jan-2018 15:02:18.335 INFO [localhost-startStop-1] org.apache.catalina.startup.HostConfig.deployDescriptor Deploying configuration descriptor /opt/tomcat-8/conf/Catalina/localhost/idp.xml
13-Jan-2018 15:02:19.876 INFO [localhost-startStop-1] org.apache.jasper.servlet.TldScanner.scanJars At least one JAR was scanned for TLDs yet contained no TLDs. Enable debug logging for this logger for a complete list of JARs that were scanned but no TLDs were found in them. Skipping unneeded JARs during scanning can improve startup time and JSP compilation time.
13-Jan-2018 15:02:31.490 INFO [localhost-startStop-1] org.apache.catalina.startup.HostConfig.deployDescriptor Deployment of configuration descriptor /opt/tomcat-8/conf/Catalina/localhost/idp.xml has finished in 13,143 ms
13-Jan-2018 15:02:31.491 INFO [localhost-startStop-1] org.apache.catalina.startup.HostConfig.deployDirectory Deploying web application directory /opt/tomcat-8/webapps/manager
13-Jan-2018 15:02:31.730 INFO [localhost-startStop-1] org.apache.jasper.servlet.TldScanner.scanJars At least one JAR was scanned for TLDs yet contained no TLDs. Enable debug logging for this logger for a complete list of JARs that were scanned but no TLDs were found in them. Skipping unneeded JARs during scanning can improve startup time and JSP compilation time.
13-Jan-2018 15:02:31.742 INFO [localhost-startStop-1] org.apache.catalina.startup.HostConfig.deployDirectory Deployment of web application directory /opt/tomcat-8/webapps/manager has finished in 251 ms
13-Jan-2018 15:02:31.742 INFO [localhost-startStop-1] org.apache.catalina.startup.HostConfig.deployDirectory Deploying web application directory /opt/tomcat-8/webapps/host-manager
13-Jan-2018 15:02:31.977 INFO [localhost-startStop-1] org.apache.jasper.servlet.TldScanner.scanJars At least one JAR was scanned for TLDs yet contained no TLDs. Enable debug logging for this logger for a complete list of JARs that were scanned but no TLDs were found in them. Skipping unneeded JARs during scanning can improve startup time and JSP compilation time.
13-Jan-2018 15:02:31.987 INFO [localhost-startStop-1] org.apache.catalina.startup.HostConfig.deployDirectory Deployment of web application directory /opt/tomcat-8/webapps/host-manager has finished in 245 ms
13-Jan-2018 15:02:31.987 INFO [localhost-startStop-1] org.apache.catalina.startup.HostConfig.deployDirectory Deploying web application directory /opt/tomcat-8/webapps/examples
13-Jan-2018 15:02:32.496 INFO [localhost-startStop-1] org.apache.jasper.servlet.TldScanner.scanJars At least one JAR was scanned for TLDs yet contained no TLDs. Enable debug logging for this logger for a complete list of JARs that were scanned but no TLDs were found in them. Skipping unneeded JARs during scanning can improve startup time and JSP compilation time.
13-Jan-2018 15:02:32.519 INFO [localhost-startStop-1] org.apache.catalina.startup.HostConfig.deployDirectory Deployment of web application directory /opt/tomcat-8/webapps/examples has finished in 532 ms
13-Jan-2018 15:02:32.519 INFO [localhost-startStop-1] org.apache.catalina.startup.HostConfig.deployDirectory Deploying web application directory /opt/tomcat-8/webapps/docs
13-Jan-2018 15:02:32.744 INFO [localhost-startStop-1] org.apache.jasper.servlet.TldScanner.scanJars At least one JAR was scanned for TLDs yet contained no TLDs. Enable debug logging for this logger for a complete list of JARs that were scanned but no TLDs were found in them. Skipping unneeded JARs during scanning can improve startup time and JSP compilation time.
13-Jan-2018 15:02:32.745 INFO [localhost-startStop-1] org.apache.catalina.startup.HostConfig.deployDirectory Deployment of web application directory /opt/tomcat-8/webapps/docs has finished in 226 ms
13-Jan-2018 15:02:32.745 INFO [localhost-startStop-1] org.apache.catalina.startup.HostConfig.deployDirectory Deploying web application directory /opt/tomcat-8/webapps/ROOT
13-Jan-2018 15:02:33.006 INFO [localhost-startStop-1] org.apache.jasper.servlet.TldScanner.scanJars At least one JAR was scanned for TLDs yet contained no TLDs. Enable debug logging for this logger for a complete list of JARs that were scanned but no TLDs were found in them. Skipping unneeded JARs during scanning can improve startup time and JSP compilation time.
13-Jan-2018 15:02:33.015 INFO [localhost-startStop-1] org.apache.catalina.startup.HostConfig.deployDirectory Deployment of web application directory /opt/tomcat-8/webapps/ROOT has finished in 270 ms
13-Jan-2018 15:02:33.022 INFO [main] org.apache.catalina.startup.Catalina.start Server startup in 14762 ms
13-Jan-2018 15:02:33.023 SEVERE [main] org.apache.catalina.core.StandardServer.await StandardServer.await: create[localhost:8005]: 
 java.net.BindException: Address already in use
	at java.net.PlainSocketImpl.socketBind(Native Method)
	at java.net.AbstractPlainSocketImpl.bind(AbstractPlainSocketImpl.java:376)
	at java.net.ServerSocket.bind(ServerSocket.java:376)
	at java.net.ServerSocket.<init>(ServerSocket.java:237)
	at org.apache.catalina.core.StandardServer.await(StandardServer.java:438)
	at org.apache.catalina.startup.Catalina.await(Catalina.java:717)
	at org.apache.catalina.startup.Catalina.start(Catalina.java:663)
	at sun.reflect.NativeMethodAccessorImpl.invoke0(Native Method)
	at sun.reflect.NativeMethodAccessorImpl.invoke(NativeMethodAccessorImpl.java:57)
	at sun.reflect.DelegatingMethodAccessorImpl.invoke(DelegatingMethodAccessorImpl.java:43)
	at java.lang.reflect.Method.invoke(Method.java:606)
	at org.apache.catalina.startup.Bootstrap.start(Bootstrap.java:351)
	at org.apache.catalina.startup.Bootstrap.main(Bootstrap.java:485)

13-Jan-2018 15:02:33.023 INFO [main] org.apache.coyote.AbstractProtocol.pause Pausing ProtocolHandler ["http-nio-8080"]
13-Jan-2018 15:02:33.023 INFO [main] org.apache.coyote.AbstractProtocol.pause Pausing ProtocolHandler ["ajp-nio-8009"]
13-Jan-2018 15:02:33.023 INFO [main] org.apache.catalina.core.StandardService.stopInternal Stopping service Catalina
13-Jan-2018 15:02:33.547 WARNING [localhost-startStop-1] org.apache.catalina.loader.WebappClassLoaderBase.clearReferencesThreads The web application [idp] appears to have started a thread named [AsyncAppender-Worker-ASYNC_PROCESS] but has failed to stop it. This is very likely to create a memory leak. Stack trace of thread:
 sun.misc.Unsafe.park(Native Method)
 java.util.concurrent.locks.LockSupport.park(LockSupport.java:186)
 java.util.concurrent.locks.AbstractQueuedSynchronizer$ConditionObject.await(AbstractQueuedSynchronizer.java:2043)
 java.util.concurrent.ArrayBlockingQueue.take(ArrayBlockingQueue.java:374)
 ch.qos.logback.core.AsyncAppenderBase$Worker.run(AsyncAppenderBase.java:250)
13-Jan-2018 15:02:33.608 INFO [main] org.apache.coyote.AbstractProtocol.stop Stopping ProtocolHandler ["http-nio-8080"]
13-Jan-2018 15:02:33.608 INFO [main] org.apache.coyote.AbstractProtocol.destroy Destroying ProtocolHandler ["http-nio-8080"]
13-Jan-2018 15:02:33.608 INFO [main] org.apache.coyote.AbstractProtocol.stop Stopping ProtocolHandler ["ajp-nio-8009"]
13-Jan-2018 15:02:33.608 INFO [main] org.apache.coyote.AbstractProtocol.destroy Destroying ProtocolHandler ["ajp-nio-8009"]
13-Jan-2018 15:02:54.906 INFO [main] org.apache.catalina.startup.VersionLoggerListener.log Server version:        Apache Tomcat/8.0.42
13-Jan-2018 15:02:54.914 INFO [main] org.apache.catalina.startup.VersionLoggerListener.log Server built:          Mar 8 2017 19:58:16 UTC
13-Jan-2018 15:02:54.914 INFO [main] org.apache.catalina.startup.VersionLoggerListener.log Server number:         8.0.42.0
13-Jan-2018 15:02:54.915 INFO [main] org.apache.catalina.startup.VersionLoggerListener.log OS Name:               Linux
13-Jan-2018 15:02:54.915 INFO [main] org.apache.catalina.startup.VersionLoggerListener.log OS Version:            4.4.0-62-generic
13-Jan-2018 15:02:54.915 INFO [main] org.apache.catalina.startup.VersionLoggerListener.log Architecture:          amd64
13-Jan-2018 15:02:54.915 INFO [main] org.apache.catalina.startup.VersionLoggerListener.log Java Home:             /opt/softwares/jdk1.7.0_40/jre
13-Jan-2018 15:02:54.916 INFO [main] org.apache.catalina.startup.VersionLoggerListener.log JVM Version:           1.7.0_40-b43
13-Jan-2018 15:02:54.916 INFO [main] org.apache.catalina.startup.VersionLoggerListener.log JVM Vendor:            Oracle Corporation
13-Jan-2018 15:02:54.916 INFO [main] org.apache.catalina.startup.VersionLoggerListener.log CATALINA_BASE:         /opt/tomcat-8
13-Jan-2018 15:02:54.916 INFO [main] org.apache.catalina.startup.VersionLoggerListener.log CATALINA_HOME:         /opt/tomcat-8
13-Jan-2018 15:02:54.917 INFO [main] org.apache.catalina.startup.VersionLoggerListener.log Command line argument: -Djava.util.logging.config.file=/opt/tomcat-8/conf/logging.properties
13-Jan-2018 15:02:54.917 INFO [main] org.apache.catalina.startup.VersionLoggerListener.log Command line argument: -Djava.util.logging.manager=org.apache.juli.ClassLoaderLogManager
13-Jan-2018 15:02:54.919 INFO [main] org.apache.catalina.startup.VersionLoggerListener.log Command line argument: -Xms512M
13-Jan-2018 15:02:54.919 INFO [main] org.apache.catalina.startup.VersionLoggerListener.log Command line argument: -Xmx768M
13-Jan-2018 15:02:54.920 INFO [main] org.apache.catalina.startup.VersionLoggerListener.log Command line argument: -XX:MaxPermSize=256m
13-Jan-2018 15:02:54.920 INFO [main] org.apache.catalina.startup.VersionLoggerListener.log Command line argument: -Djdk.tls.ephemeralDHKeySize=2048
13-Jan-2018 15:02:54.920 INFO [main] org.apache.catalina.startup.VersionLoggerListener.log Command line argument: -Djava.protocol.handler.pkgs=org.apache.catalina.webresources
13-Jan-2018 15:02:54.920 INFO [main] org.apache.catalina.startup.VersionLoggerListener.log Command line argument: -Djava.endorsed.dirs=/opt/tomcat-8/endorsed
13-Jan-2018 15:02:54.920 INFO [main] org.apache.catalina.startup.VersionLoggerListener.log Command line argument: -Dcatalina.base=/opt/tomcat-8
13-Jan-2018 15:02:54.921 INFO [main] org.apache.catalina.startup.VersionLoggerListener.log Command line argument: -Dcatalina.home=/opt/tomcat-8
13-Jan-2018 15:02:54.923 INFO [main] org.apache.catalina.startup.VersionLoggerListener.log Command line argument: -Djava.io.tmpdir=/opt/tomcat-8/temp
13-Jan-2018 15:02:54.923 INFO [main] org.apache.catalina.core.AprLifecycleListener.lifecycleEvent The APR based Apache Tomcat Native library which allows optimal performance in production environments was not found on the java.library.path: /usr/java/packages/lib/amd64:/usr/lib64:/lib64:/lib:/usr/lib
13-Jan-2018 15:02:55.098 INFO [main] org.apache.coyote.AbstractProtocol.init Initializing ProtocolHandler ["http-nio-8080"]
13-Jan-2018 15:02:55.118 INFO [main] org.apache.tomcat.util.net.NioSelectorPool.getSharedSelector Using a shared selector for servlet write/read
13-Jan-2018 15:02:55.134 INFO [main] org.apache.coyote.AbstractProtocol.init Initializing ProtocolHandler ["ajp-nio-8009"]
13-Jan-2018 15:02:55.136 INFO [main] org.apache.tomcat.util.net.NioSelectorPool.getSharedSelector Using a shared selector for servlet write/read
13-Jan-2018 15:02:55.137 INFO [main] org.apache.catalina.startup.Catalina.load Initialization processed in 871 ms
13-Jan-2018 15:02:55.185 INFO [main] org.apache.catalina.core.StandardService.startInternal Starting service Catalina
13-Jan-2018 15:02:55.190 INFO [main] org.apache.catalina.core.StandardEngine.startInternal Starting Servlet Engine: Apache Tomcat/8.0.42
13-Jan-2018 15:02:55.211 INFO [localhost-startStop-1] org.apache.catalina.startup.HostConfig.deployDescriptor Deploying configuration descriptor /opt/tomcat-8/conf/Catalina/localhost/idp.xml
13-Jan-2018 15:02:56.788 INFO [localhost-startStop-1] org.apache.jasper.servlet.TldScanner.scanJars At least one JAR was scanned for TLDs yet contained no TLDs. Enable debug logging for this logger for a complete list of JARs that were scanned but no TLDs were found in them. Skipping unneeded JARs during scanning can improve startup time and JSP compilation time.
13-Jan-2018 15:03:08.807 INFO [localhost-startStop-1] org.apache.catalina.startup.HostConfig.deployDescriptor Deployment of configuration descriptor /opt/tomcat-8/conf/Catalina/localhost/idp.xml has finished in 13,596 ms
13-Jan-2018 15:03:08.811 INFO [localhost-startStop-1] org.apache.catalina.startup.HostConfig.deployDirectory Deploying web application directory /opt/tomcat-8/webapps/manager
13-Jan-2018 15:03:09.045 INFO [localhost-startStop-1] org.apache.jasper.servlet.TldScanner.scanJars At least one JAR was scanned for TLDs yet contained no TLDs. Enable debug logging for this logger for a complete list of JARs that were scanned but no TLDs were found in them. Skipping unneeded JARs during scanning can improve startup time and JSP compilation time.
13-Jan-2018 15:03:09.057 INFO [localhost-startStop-1] org.apache.catalina.startup.HostConfig.deployDirectory Deployment of web application directory /opt/tomcat-8/webapps/manager has finished in 246 ms
13-Jan-2018 15:03:09.062 INFO [localhost-startStop-1] org.apache.catalina.startup.HostConfig.deployDirectory Deploying web application directory /opt/tomcat-8/webapps/host-manager
13-Jan-2018 15:03:09.296 INFO [localhost-startStop-1] org.apache.jasper.servlet.TldScanner.scanJars At least one JAR was scanned for TLDs yet contained no TLDs. Enable debug logging for this logger for a complete list of JARs that were scanned but no TLDs were found in them. Skipping unneeded JARs during scanning can improve startup time and JSP compilation time.
13-Jan-2018 15:03:09.303 INFO [localhost-startStop-1] org.apache.catalina.startup.HostConfig.deployDirectory Deployment of web application directory /opt/tomcat-8/webapps/host-manager has finished in 241 ms
13-Jan-2018 15:03:09.304 INFO [localhost-startStop-1] org.apache.catalina.startup.HostConfig.deployDirectory Deploying web application directory /opt/tomcat-8/webapps/examples
13-Jan-2018 15:03:09.827 INFO [localhost-startStop-1] org.apache.jasper.servlet.TldScanner.scanJars At least one JAR was scanned for TLDs yet contained no TLDs. Enable debug logging for this logger for a complete list of JARs that were scanned but no TLDs were found in them. Skipping unneeded JARs during scanning can improve startup time and JSP compilation time.
13-Jan-2018 15:03:09.845 INFO [localhost-startStop-1] org.apache.catalina.startup.HostConfig.deployDirectory Deployment of web application directory /opt/tomcat-8/webapps/examples has finished in 541 ms
13-Jan-2018 15:03:09.850 INFO [localhost-startStop-1] org.apache.catalina.startup.HostConfig.deployDirectory Deploying web application directory /opt/tomcat-8/webapps/docs
13-Jan-2018 15:03:10.092 INFO [localhost-startStop-1] org.apache.jasper.servlet.TldScanner.scanJars At least one JAR was scanned for TLDs yet contained no TLDs. Enable debug logging for this logger for a complete list of JARs that were scanned but no TLDs were found in them. Skipping unneeded JARs during scanning can improve startup time and JSP compilation time.
13-Jan-2018 15:03:10.103 INFO [localhost-startStop-1] org.apache.catalina.startup.HostConfig.deployDirectory Deployment of web application directory /opt/tomcat-8/webapps/docs has finished in 253 ms
13-Jan-2018 15:03:10.104 INFO [localhost-startStop-1] org.apache.catalina.startup.HostConfig.deployDirectory Deploying web application directory /opt/tomcat-8/webapps/ROOT
13-Jan-2018 15:03:10.386 INFO [localhost-startStop-1] org.apache.jasper.servlet.TldScanner.scanJars At least one JAR was scanned for TLDs yet contained no TLDs. Enable debug logging for this logger for a complete list of JARs that were scanned but no TLDs were found in them. Skipping unneeded JARs during scanning can improve startup time and JSP compilation time.
13-Jan-2018 15:03:10.392 INFO [localhost-startStop-1] org.apache.catalina.startup.HostConfig.deployDirectory Deployment of web application directory /opt/tomcat-8/webapps/ROOT has finished in 288 ms
13-Jan-2018 15:03:10.399 INFO [main] org.apache.coyote.AbstractProtocol.start Starting ProtocolHandler ["http-nio-8080"]
13-Jan-2018 15:03:10.436 INFO [main] org.apache.coyote.AbstractProtocol.start Starting ProtocolHandler ["ajp-nio-8009"]
13-Jan-2018 15:03:10.462 INFO [main] org.apache.catalina.startup.Catalina.start Server startup in 15324 ms
13-Jan-2018 15:44:22.601 INFO [main] org.apache.catalina.startup.VersionLoggerListener.log Server version:        Apache Tomcat/8.0.42
13-Jan-2018 15:44:22.606 INFO [main] org.apache.catalina.startup.VersionLoggerListener.log Server built:          Mar 8 2017 19:58:16 UTC
13-Jan-2018 15:44:22.608 INFO [main] org.apache.catalina.startup.VersionLoggerListener.log Server number:         8.0.42.0
13-Jan-2018 15:44:22.608 INFO [main] org.apache.catalina.startup.VersionLoggerListener.log OS Name:               Linux
13-Jan-2018 15:44:22.608 INFO [main] org.apache.catalina.startup.VersionLoggerListener.log OS Version:            4.4.0-62-generic
13-Jan-2018 15:44:22.609 INFO [main] org.apache.catalina.startup.VersionLoggerListener.log Architecture:          amd64
13-Jan-2018 15:44:22.609 INFO [main] org.apache.catalina.startup.VersionLoggerListener.log Java Home:             /opt/softwares/jdk1.7.0_40/jre
13-Jan-2018 15:44:22.609 INFO [main] org.apache.catalina.startup.VersionLoggerListener.log JVM Version:           1.7.0_40-b43
13-Jan-2018 15:44:22.609 INFO [main] org.apache.catalina.startup.VersionLoggerListener.log JVM Vendor:            Oracle Corporation
13-Jan-2018 15:44:22.609 INFO [main] org.apache.catalina.startup.VersionLoggerListener.log CATALINA_BASE:         /opt/tomcat-8
13-Jan-2018 15:44:22.610 INFO [main] org.apache.catalina.startup.VersionLoggerListener.log CATALINA_HOME:         /opt/tomcat-8
13-Jan-2018 15:44:22.610 INFO [main] org.apache.catalina.startup.VersionLoggerListener.log Command line argument: -Djava.util.logging.config.file=/opt/tomcat-8/conf/logging.properties
13-Jan-2018 15:44:22.610 INFO [main] org.apache.catalina.startup.VersionLoggerListener.log Command line argument: -Djava.util.logging.manager=org.apache.juli.ClassLoaderLogManager
13-Jan-2018 15:44:22.610 INFO [main] org.apache.catalina.startup.VersionLoggerListener.log Command line argument: -Xms512M
13-Jan-2018 15:44:22.611 INFO [main] org.apache.catalina.startup.VersionLoggerListener.log Command line argument: -Xmx768M
13-Jan-2018 15:44:22.611 INFO [main] org.apache.catalina.startup.VersionLoggerListener.log Command line argument: -XX:MaxPermSize=256m
13-Jan-2018 15:44:22.611 INFO [main] org.apache.catalina.startup.VersionLoggerListener.log Command line argument: -Djdk.tls.ephemeralDHKeySize=2048
13-Jan-2018 15:44:22.611 INFO [main] org.apache.catalina.startup.VersionLoggerListener.log Command line argument: -Djava.protocol.handler.pkgs=org.apache.catalina.webresources
13-Jan-2018 15:44:22.611 INFO [main] org.apache.catalina.startup.VersionLoggerListener.log Command line argument: -Djava.endorsed.dirs=/opt/tomcat-8/endorsed
13-Jan-2018 15:44:22.612 INFO [main] org.apache.catalina.startup.VersionLoggerListener.log Command line argument: -Dcatalina.base=/opt/tomcat-8
13-Jan-2018 15:44:22.612 INFO [main] org.apache.catalina.startup.VersionLoggerListener.log Command line argument: -Dcatalina.home=/opt/tomcat-8
13-Jan-2018 15:44:22.612 INFO [main] org.apache.catalina.startup.VersionLoggerListener.log Command line argument: -Djava.io.tmpdir=/opt/tomcat-8/temp
13-Jan-2018 15:44:22.612 INFO [main] org.apache.catalina.core.AprLifecycleListener.lifecycleEvent The APR based Apache Tomcat Native library which allows optimal performance in production environments was not found on the java.library.path: /usr/java/packages/lib/amd64:/usr/lib64:/lib64:/lib:/usr/lib
13-Jan-2018 15:44:22.793 INFO [main] org.apache.coyote.AbstractProtocol.init Initializing ProtocolHandler ["http-nio-8080"]
13-Jan-2018 15:44:22.812 INFO [main] org.apache.tomcat.util.net.NioSelectorPool.getSharedSelector Using a shared selector for servlet write/read
13-Jan-2018 15:44:22.827 INFO [main] org.apache.coyote.AbstractProtocol.init Initializing ProtocolHandler ["ajp-nio-8009"]
13-Jan-2018 15:44:22.829 INFO [main] org.apache.tomcat.util.net.NioSelectorPool.getSharedSelector Using a shared selector for servlet write/read
13-Jan-2018 15:44:22.833 INFO [main] org.apache.catalina.startup.Catalina.load Initialization processed in 880 ms
13-Jan-2018 15:44:22.876 INFO [main] org.apache.catalina.core.StandardService.startInternal Starting service Catalina
13-Jan-2018 15:44:22.877 INFO [main] org.apache.catalina.core.StandardEngine.startInternal Starting Servlet Engine: Apache Tomcat/8.0.42
13-Jan-2018 15:44:22.899 INFO [localhost-startStop-1] org.apache.catalina.startup.HostConfig.deployDescriptor Deploying configuration descriptor /opt/tomcat-8/conf/Catalina/localhost/idp.xml
13-Jan-2018 15:44:24.815 INFO [localhost-startStop-1] org.apache.jasper.servlet.TldScanner.scanJars At least one JAR was scanned for TLDs yet contained no TLDs. Enable debug logging for this logger for a complete list of JARs that were scanned but no TLDs were found in them. Skipping unneeded JARs during scanning can improve startup time and JSP compilation time.
13-Jan-2018 15:44:36.385 INFO [localhost-startStop-1] org.apache.catalina.startup.HostConfig.deployDescriptor Deployment of configuration descriptor /opt/tomcat-8/conf/Catalina/localhost/idp.xml has finished in 13,486 ms
13-Jan-2018 15:44:36.392 INFO [localhost-startStop-1] org.apache.catalina.startup.HostConfig.deployDirectory Deploying web application directory /opt/tomcat-8/webapps/manager
13-Jan-2018 15:44:36.625 INFO [localhost-startStop-1] org.apache.jasper.servlet.TldScanner.scanJars At least one JAR was scanned for TLDs yet contained no TLDs. Enable debug logging for this logger for a complete list of JARs that were scanned but no TLDs were found in them. Skipping unneeded JARs during scanning can improve startup time and JSP compilation time.
13-Jan-2018 15:44:36.633 INFO [localhost-startStop-1] org.apache.catalina.startup.HostConfig.deployDirectory Deployment of web application directory /opt/tomcat-8/webapps/manager has finished in 241 ms
13-Jan-2018 15:44:36.642 INFO [localhost-startStop-1] org.apache.catalina.startup.HostConfig.deployDirectory Deploying web application directory /opt/tomcat-8/webapps/host-manager
13-Jan-2018 15:44:36.869 INFO [localhost-startStop-1] org.apache.jasper.servlet.TldScanner.scanJars At least one JAR was scanned for TLDs yet contained no TLDs. Enable debug logging for this logger for a complete list of JARs that were scanned but no TLDs were found in them. Skipping unneeded JARs during scanning can improve startup time and JSP compilation time.
13-Jan-2018 15:44:36.879 INFO [localhost-startStop-1] org.apache.catalina.startup.HostConfig.deployDirectory Deployment of web application directory /opt/tomcat-8/webapps/host-manager has finished in 236 ms
13-Jan-2018 15:44:36.882 INFO [localhost-startStop-1] org.apache.catalina.startup.HostConfig.deployDirectory Deploying web application directory /opt/tomcat-8/webapps/examples
13-Jan-2018 15:44:37.385 INFO [localhost-startStop-1] org.apache.jasper.servlet.TldScanner.scanJars At least one JAR was scanned for TLDs yet contained no TLDs. Enable debug logging for this logger for a complete list of JARs that were scanned but no TLDs were found in them. Skipping unneeded JARs during scanning can improve startup time and JSP compilation time.
13-Jan-2018 15:44:37.409 INFO [localhost-startStop-1] org.apache.catalina.startup.HostConfig.deployDirectory Deployment of web application directory /opt/tomcat-8/webapps/examples has finished in 527 ms
13-Jan-2018 15:44:37.410 INFO [localhost-startStop-1] org.apache.catalina.startup.HostConfig.deployDirectory Deploying web application directory /opt/tomcat-8/webapps/idp-o
13-Jan-2018 15:44:38.259 INFO [localhost-startStop-1] org.apache.jasper.servlet.TldScanner.scanJars At least one JAR was scanned for TLDs yet contained no TLDs. Enable debug logging for this logger for a complete list of JARs that were scanned but no TLDs were found in them. Skipping unneeded JARs during scanning can improve startup time and JSP compilation time.
13-Jan-2018 15:44:55.481 INFO [localhost-startStop-1] org.apache.catalina.startup.HostConfig.deployDirectory Deployment of web application directory /opt/tomcat-8/webapps/idp-o has finished in 18,071 ms
13-Jan-2018 15:44:55.486 INFO [localhost-startStop-1] org.apache.catalina.startup.HostConfig.deployDirectory Deploying web application directory /opt/tomcat-8/webapps/docs
13-Jan-2018 15:44:55.631 INFO [localhost-startStop-1] org.apache.jasper.servlet.TldScanner.scanJars At least one JAR was scanned for TLDs yet contained no TLDs. Enable debug logging for this logger for a complete list of JARs that were scanned but no TLDs were found in them. Skipping unneeded JARs during scanning can improve startup time and JSP compilation time.
13-Jan-2018 15:44:55.636 INFO [localhost-startStop-1] org.apache.catalina.startup.HostConfig.deployDirectory Deployment of web application directory /opt/tomcat-8/webapps/docs has finished in 150 ms
13-Jan-2018 15:44:55.636 INFO [localhost-startStop-1] org.apache.catalina.startup.HostConfig.deployDirectory Deploying web application directory /opt/tomcat-8/webapps/ROOT
13-Jan-2018 15:44:55.778 INFO [localhost-startStop-1] org.apache.jasper.servlet.TldScanner.scanJars At least one JAR was scanned for TLDs yet contained no TLDs. Enable debug logging for this logger for a complete list of JARs that were scanned but no TLDs were found in them. Skipping unneeded JARs during scanning can improve startup time and JSP compilation time.
13-Jan-2018 15:44:55.787 INFO [localhost-startStop-1] org.apache.catalina.startup.HostConfig.deployDirectory Deployment of web application directory /opt/tomcat-8/webapps/ROOT has finished in 151 ms
13-Jan-2018 15:44:55.794 INFO [main] org.apache.coyote.AbstractProtocol.start Starting ProtocolHandler ["http-nio-8080"]
13-Jan-2018 15:44:55.830 INFO [main] org.apache.coyote.AbstractProtocol.start Starting ProtocolHandler ["ajp-nio-8009"]
13-Jan-2018 15:44:55.854 INFO [main] org.apache.catalina.startup.Catalina.start Server startup in 33020 ms
13-Jan-2018 15:49:40.864 INFO [main] org.apache.catalina.startup.VersionLoggerListener.log Server version:        Apache Tomcat/8.0.42
13-Jan-2018 15:49:40.872 INFO [main] org.apache.catalina.startup.VersionLoggerListener.log Server built:          Mar 8 2017 19:58:16 UTC
13-Jan-2018 15:49:40.873 INFO [main] org.apache.catalina.startup.VersionLoggerListener.log Server number:         8.0.42.0
13-Jan-2018 15:49:40.873 INFO [main] org.apache.catalina.startup.VersionLoggerListener.log OS Name:               Linux
13-Jan-2018 15:49:40.873 INFO [main] org.apache.catalina.startup.VersionLoggerListener.log OS Version:            4.4.0-62-generic
13-Jan-2018 15:49:40.873 INFO [main] org.apache.catalina.startup.VersionLoggerListener.log Architecture:          amd64
13-Jan-2018 15:49:40.874 INFO [main] org.apache.catalina.startup.VersionLoggerListener.log Java Home:             /opt/softwares/jdk1.7.0_40/jre
13-Jan-2018 15:49:40.874 INFO [main] org.apache.catalina.startup.VersionLoggerListener.log JVM Version:           1.7.0_40-b43
13-Jan-2018 15:49:40.874 INFO [main] org.apache.catalina.startup.VersionLoggerListener.log JVM Vendor:            Oracle Corporation
13-Jan-2018 15:49:40.874 INFO [main] org.apache.catalina.startup.VersionLoggerListener.log CATALINA_BASE:         /opt/tomcat-8
13-Jan-2018 15:49:40.875 INFO [main] org.apache.catalina.startup.VersionLoggerListener.log CATALINA_HOME:         /opt/tomcat-8
13-Jan-2018 15:49:40.875 INFO [main] org.apache.catalina.startup.VersionLoggerListener.log Command line argument: -Djava.util.logging.config.file=/opt/tomcat-8/conf/logging.properties
13-Jan-2018 15:49:40.875 INFO [main] org.apache.catalina.startup.VersionLoggerListener.log Command line argument: -Djava.util.logging.manager=org.apache.juli.ClassLoaderLogManager
13-Jan-2018 15:49:40.875 INFO [main] org.apache.catalina.startup.VersionLoggerListener.log Command line argument: -Xms512M
13-Jan-2018 15:49:40.876 INFO [main] org.apache.catalina.startup.VersionLoggerListener.log Command line argument: -Xmx768M
13-Jan-2018 15:49:40.876 INFO [main] org.apache.catalina.startup.VersionLoggerListener.log Command line argument: -XX:MaxPermSize=256m
13-Jan-2018 15:49:40.876 INFO [main] org.apache.catalina.startup.VersionLoggerListener.log Command line argument: -Djdk.tls.ephemeralDHKeySize=2048
13-Jan-2018 15:49:40.876 INFO [main] org.apache.catalina.startup.VersionLoggerListener.log Command line argument: -Djava.protocol.handler.pkgs=org.apache.catalina.webresources
13-Jan-2018 15:49:40.877 INFO [main] org.apache.catalina.startup.VersionLoggerListener.log Command line argument: -Djava.endorsed.dirs=/opt/tomcat-8/endorsed
13-Jan-2018 15:49:40.877 INFO [main] org.apache.catalina.startup.VersionLoggerListener.log Command line argument: -Dcatalina.base=/opt/tomcat-8
13-Jan-2018 15:49:40.877 INFO [main] org.apache.catalina.startup.VersionLoggerListener.log Command line argument: -Dcatalina.home=/opt/tomcat-8
13-Jan-2018 15:49:40.877 INFO [main] org.apache.catalina.startup.VersionLoggerListener.log Command line argument: -Djava.io.tmpdir=/opt/tomcat-8/temp
13-Jan-2018 15:49:40.877 INFO [main] org.apache.catalina.core.AprLifecycleListener.lifecycleEvent The APR based Apache Tomcat Native library which allows optimal performance in production environments was not found on the java.library.path: /usr/java/packages/lib/amd64:/usr/lib64:/lib64:/lib:/usr/lib
13-Jan-2018 15:49:41.048 INFO [main] org.apache.coyote.AbstractProtocol.init Initializing ProtocolHandler ["http-nio-8080"]
13-Jan-2018 15:49:41.068 INFO [main] org.apache.tomcat.util.net.NioSelectorPool.getSharedSelector Using a shared selector for servlet write/read
13-Jan-2018 15:49:41.086 INFO [main] org.apache.coyote.AbstractProtocol.init Initializing ProtocolHandler ["ajp-nio-8009"]
13-Jan-2018 15:49:41.088 INFO [main] org.apache.tomcat.util.net.NioSelectorPool.getSharedSelector Using a shared selector for servlet write/read
13-Jan-2018 15:49:41.093 INFO [main] org.apache.catalina.startup.Catalina.load Initialization processed in 869 ms
13-Jan-2018 15:49:41.131 INFO [main] org.apache.catalina.core.StandardService.startInternal Starting service Catalina
13-Jan-2018 15:49:41.137 INFO [main] org.apache.catalina.core.StandardEngine.startInternal Starting Servlet Engine: Apache Tomcat/8.0.42
13-Jan-2018 15:49:41.163 INFO [localhost-startStop-1] org.apache.catalina.startup.HostConfig.deployDescriptor Deploying configuration descriptor /opt/tomcat-8/conf/Catalina/localhost/idp.xml
13-Jan-2018 15:49:42.713 INFO [localhost-startStop-1] org.apache.jasper.servlet.TldScanner.scanJars At least one JAR was scanned for TLDs yet contained no TLDs. Enable debug logging for this logger for a complete list of JARs that were scanned but no TLDs were found in them. Skipping unneeded JARs during scanning can improve startup time and JSP compilation time.
13-Jan-2018 15:49:54.514 INFO [localhost-startStop-1] org.apache.catalina.startup.HostConfig.deployDescriptor Deployment of configuration descriptor /opt/tomcat-8/conf/Catalina/localhost/idp.xml has finished in 13,340 ms
13-Jan-2018 15:49:54.515 INFO [localhost-startStop-1] org.apache.catalina.startup.HostConfig.deployDirectory Deploying web application directory /opt/tomcat-8/webapps/manager
13-Jan-2018 15:49:54.747 INFO [localhost-startStop-1] org.apache.jasper.servlet.TldScanner.scanJars At least one JAR was scanned for TLDs yet contained no TLDs. Enable debug logging for this logger for a complete list of JARs that were scanned but no TLDs were found in them. Skipping unneeded JARs during scanning can improve startup time and JSP compilation time.
13-Jan-2018 15:49:54.759 INFO [localhost-startStop-1] org.apache.catalina.startup.HostConfig.deployDirectory Deployment of web application directory /opt/tomcat-8/webapps/manager has finished in 244 ms
13-Jan-2018 15:49:54.759 INFO [localhost-startStop-1] org.apache.catalina.startup.HostConfig.deployDirectory Deploying web application directory /opt/tomcat-8/webapps/host-manager
13-Jan-2018 15:49:54.983 INFO [localhost-startStop-1] org.apache.jasper.servlet.TldScanner.scanJars At least one JAR was scanned for TLDs yet contained no TLDs. Enable debug logging for this logger for a complete list of JARs that were scanned but no TLDs were found in them. Skipping unneeded JARs during scanning can improve startup time and JSP compilation time.
13-Jan-2018 15:49:54.987 INFO [localhost-startStop-1] org.apache.catalina.startup.HostConfig.deployDirectory Deployment of web application directory /opt/tomcat-8/webapps/host-manager has finished in 228 ms
13-Jan-2018 15:49:54.987 INFO [localhost-startStop-1] org.apache.catalina.startup.HostConfig.deployDirectory Deploying web application directory /opt/tomcat-8/webapps/examples
13-Jan-2018 15:49:55.491 INFO [localhost-startStop-1] org.apache.jasper.servlet.TldScanner.scanJars At least one JAR was scanned for TLDs yet contained no TLDs. Enable debug logging for this logger for a complete list of JARs that were scanned but no TLDs were found in them. Skipping unneeded JARs during scanning can improve startup time and JSP compilation time.
13-Jan-2018 15:49:55.509 INFO [localhost-startStop-1] org.apache.catalina.startup.HostConfig.deployDirectory Deployment of web application directory /opt/tomcat-8/webapps/examples has finished in 522 ms
13-Jan-2018 15:49:55.517 INFO [localhost-startStop-1] org.apache.catalina.startup.HostConfig.deployDirectory Deploying web application directory /opt/tomcat-8/webapps/idp-o
13-Jan-2018 15:49:56.396 INFO [localhost-startStop-1] org.apache.jasper.servlet.TldScanner.scanJars At least one JAR was scanned for TLDs yet contained no TLDs. Enable debug logging for this logger for a complete list of JARs that were scanned but no TLDs were found in them. Skipping unneeded JARs during scanning can improve startup time and JSP compilation time.
13-Jan-2018 15:50:09.273 INFO [localhost-startStop-1] org.apache.catalina.startup.HostConfig.deployDirectory Deployment of web application directory /opt/tomcat-8/webapps/idp-o has finished in 13,756 ms
13-Jan-2018 15:50:09.277 INFO [localhost-startStop-1] org.apache.catalina.startup.HostConfig.deployDirectory Deploying web application directory /opt/tomcat-8/webapps/docs
13-Jan-2018 15:50:09.413 INFO [localhost-startStop-1] org.apache.jasper.servlet.TldScanner.scanJars At least one JAR was scanned for TLDs yet contained no TLDs. Enable debug logging for this logger for a complete list of JARs that were scanned but no TLDs were found in them. Skipping unneeded JARs during scanning can improve startup time and JSP compilation time.
13-Jan-2018 15:50:09.419 INFO [localhost-startStop-1] org.apache.catalina.startup.HostConfig.deployDirectory Deployment of web application directory /opt/tomcat-8/webapps/docs has finished in 142 ms
13-Jan-2018 15:50:09.419 INFO [localhost-startStop-1] org.apache.catalina.startup.HostConfig.deployDirectory Deploying web application directory /opt/tomcat-8/webapps/ROOT
13-Jan-2018 15:50:09.525 INFO [localhost-startStop-1] org.apache.jasper.servlet.TldScanner.scanJars At least one JAR was scanned for TLDs yet contained no TLDs. Enable debug logging for this logger for a complete list of JARs that were scanned but no TLDs were found in them. Skipping unneeded JARs during scanning can improve startup time and JSP compilation time.
13-Jan-2018 15:50:09.531 INFO [localhost-startStop-1] org.apache.catalina.startup.HostConfig.deployDirectory Deployment of web application directory /opt/tomcat-8/webapps/ROOT has finished in 112 ms
13-Jan-2018 15:50:09.538 INFO [main] org.apache.coyote.AbstractProtocol.start Starting ProtocolHandler ["http-nio-8080"]
13-Jan-2018 15:50:09.559 INFO [main] org.apache.coyote.AbstractProtocol.start Starting ProtocolHandler ["ajp-nio-8009"]
13-Jan-2018 15:50:09.574 INFO [main] org.apache.catalina.startup.Catalina.start Server startup in 28480 ms
13-Jan-2018 15:50:46.892 INFO [main] org.apache.catalina.startup.VersionLoggerListener.log Server version:        Apache Tomcat/8.0.42
13-Jan-2018 15:50:46.896 INFO [main] org.apache.catalina.startup.VersionLoggerListener.log Server built:          Mar 8 2017 19:58:16 UTC
13-Jan-2018 15:50:46.897 INFO [main] org.apache.catalina.startup.VersionLoggerListener.log Server number:         8.0.42.0
13-Jan-2018 15:50:46.897 INFO [main] org.apache.catalina.startup.VersionLoggerListener.log OS Name:               Linux
13-Jan-2018 15:50:46.897 INFO [main] org.apache.catalina.startup.VersionLoggerListener.log OS Version:            4.4.0-62-generic
13-Jan-2018 15:50:46.897 INFO [main] org.apache.catalina.startup.VersionLoggerListener.log Architecture:          amd64
13-Jan-2018 15:50:46.897 INFO [main] org.apache.catalina.startup.VersionLoggerListener.log Java Home:             /opt/softwares/jdk1.7.0_40/jre
13-Jan-2018 15:50:46.898 INFO [main] org.apache.catalina.startup.VersionLoggerListener.log JVM Version:           1.7.0_40-b43
13-Jan-2018 15:50:46.898 INFO [main] org.apache.catalina.startup.VersionLoggerListener.log JVM Vendor:            Oracle Corporation
13-Jan-2018 15:50:46.898 INFO [main] org.apache.catalina.startup.VersionLoggerListener.log CATALINA_BASE:         /opt/tomcat-8
13-Jan-2018 15:50:46.898 INFO [main] org.apache.catalina.startup.VersionLoggerListener.log CATALINA_HOME:         /opt/tomcat-8
13-Jan-2018 15:50:46.899 INFO [main] org.apache.catalina.startup.VersionLoggerListener.log Command line argument: -Djava.util.logging.config.file=/opt/tomcat-8/conf/logging.properties
13-Jan-2018 15:50:46.899 INFO [main] org.apache.catalina.startup.VersionLoggerListener.log Command line argument: -Djava.util.logging.manager=org.apache.juli.ClassLoaderLogManager
13-Jan-2018 15:50:46.899 INFO [main] org.apache.catalina.startup.VersionLoggerListener.log Command line argument: -Xms512M
13-Jan-2018 15:50:46.900 INFO [main] org.apache.catalina.startup.VersionLoggerListener.log Command line argument: -Xmx768M
13-Jan-2018 15:50:46.900 INFO [main] org.apache.catalina.startup.VersionLoggerListener.log Command line argument: -XX:MaxPermSize=256m
13-Jan-2018 15:50:46.900 INFO [main] org.apache.catalina.startup.VersionLoggerListener.log Command line argument: -Djdk.tls.ephemeralDHKeySize=2048
13-Jan-2018 15:50:46.900 INFO [main] org.apache.catalina.startup.VersionLoggerListener.log Command line argument: -Djava.protocol.handler.pkgs=org.apache.catalina.webresources
13-Jan-2018 15:50:46.900 INFO [main] org.apache.catalina.startup.VersionLoggerListener.log Command line argument: -Djava.endorsed.dirs=/opt/tomcat-8/endorsed
13-Jan-2018 15:50:46.901 INFO [main] org.apache.catalina.startup.VersionLoggerListener.log Command line argument: -Dcatalina.base=/opt/tomcat-8
13-Jan-2018 15:50:46.901 INFO [main] org.apache.catalina.startup.VersionLoggerListener.log Command line argument: -Dcatalina.home=/opt/tomcat-8
13-Jan-2018 15:50:46.901 INFO [main] org.apache.catalina.startup.VersionLoggerListener.log Command line argument: -Djava.io.tmpdir=/opt/tomcat-8/temp
13-Jan-2018 15:50:46.901 INFO [main] org.apache.catalina.core.AprLifecycleListener.lifecycleEvent The APR based Apache Tomcat Native library which allows optimal performance in production environments was not found on the java.library.path: /usr/java/packages/lib/amd64:/usr/lib64:/lib64:/lib:/usr/lib
13-Jan-2018 15:50:47.078 INFO [main] org.apache.coyote.AbstractProtocol.init Initializing ProtocolHandler ["http-nio-8080"]
13-Jan-2018 15:50:47.098 INFO [main] org.apache.tomcat.util.net.NioSelectorPool.getSharedSelector Using a shared selector for servlet write/read
13-Jan-2018 15:50:47.113 INFO [main] org.apache.coyote.AbstractProtocol.init Initializing ProtocolHandler ["ajp-nio-8009"]
13-Jan-2018 15:50:47.115 INFO [main] org.apache.tomcat.util.net.NioSelectorPool.getSharedSelector Using a shared selector for servlet write/read
13-Jan-2018 15:50:47.115 INFO [main] org.apache.catalina.startup.Catalina.load Initialization processed in 874 ms
13-Jan-2018 15:50:47.159 INFO [main] org.apache.catalina.core.StandardService.startInternal Starting service Catalina
13-Jan-2018 15:50:47.162 INFO [main] org.apache.catalina.core.StandardEngine.startInternal Starting Servlet Engine: Apache Tomcat/8.0.42
13-Jan-2018 15:50:47.187 INFO [localhost-startStop-1] org.apache.catalina.startup.HostConfig.deployDescriptor Deploying configuration descriptor /opt/tomcat-8/conf/Catalina/localhost/idp.xml
13-Jan-2018 15:50:48.997 INFO [localhost-startStop-1] org.apache.jasper.servlet.TldScanner.scanJars At least one JAR was scanned for TLDs yet contained no TLDs. Enable debug logging for this logger for a complete list of JARs that were scanned but no TLDs were found in them. Skipping unneeded JARs during scanning can improve startup time and JSP compilation time.
13-Jan-2018 15:51:00.444 INFO [localhost-startStop-1] org.apache.catalina.startup.HostConfig.deployDescriptor Deployment of configuration descriptor /opt/tomcat-8/conf/Catalina/localhost/idp.xml has finished in 13,257 ms
13-Jan-2018 15:51:00.447 INFO [localhost-startStop-1] org.apache.catalina.startup.HostConfig.deployDirectory Deploying web application directory /opt/tomcat-8/webapps/manager
13-Jan-2018 15:51:00.683 INFO [localhost-startStop-1] org.apache.jasper.servlet.TldScanner.scanJars At least one JAR was scanned for TLDs yet contained no TLDs. Enable debug logging for this logger for a complete list of JARs that were scanned but no TLDs were found in them. Skipping unneeded JARs during scanning can improve startup time and JSP compilation time.
13-Jan-2018 15:51:00.689 INFO [localhost-startStop-1] org.apache.catalina.startup.HostConfig.deployDirectory Deployment of web application directory /opt/tomcat-8/webapps/manager has finished in 242 ms
13-Jan-2018 15:51:00.698 INFO [localhost-startStop-1] org.apache.catalina.startup.HostConfig.deployDirectory Deploying web application directory /opt/tomcat-8/webapps/host-manager
13-Jan-2018 15:51:00.926 INFO [localhost-startStop-1] org.apache.jasper.servlet.TldScanner.scanJars At least one JAR was scanned for TLDs yet contained no TLDs. Enable debug logging for this logger for a complete list of JARs that were scanned but no TLDs were found in them. Skipping unneeded JARs during scanning can improve startup time and JSP compilation time.
13-Jan-2018 15:51:00.928 INFO [localhost-startStop-1] org.apache.catalina.startup.HostConfig.deployDirectory Deployment of web application directory /opt/tomcat-8/webapps/host-manager has finished in 229 ms
13-Jan-2018 15:51:00.930 INFO [localhost-startStop-1] org.apache.catalina.startup.HostConfig.deployDirectory Deploying web application directory /opt/tomcat-8/webapps/examples
13-Jan-2018 15:51:01.425 INFO [localhost-startStop-1] org.apache.jasper.servlet.TldScanner.scanJars At least one JAR was scanned for TLDs yet contained no TLDs. Enable debug logging for this logger for a complete list of JARs that were scanned but no TLDs were found in them. Skipping unneeded JARs during scanning can improve startup time and JSP compilation time.
13-Jan-2018 15:51:01.449 INFO [localhost-startStop-1] org.apache.catalina.startup.HostConfig.deployDirectory Deployment of web application directory /opt/tomcat-8/webapps/examples has finished in 519 ms
13-Jan-2018 15:51:01.458 INFO [localhost-startStop-1] org.apache.catalina.startup.HostConfig.deployDirectory Deploying web application directory /opt/tomcat-8/webapps/idp-o
13-Jan-2018 15:51:02.344 INFO [localhost-startStop-1] org.apache.jasper.servlet.TldScanner.scanJars At least one JAR was scanned for TLDs yet contained no TLDs. Enable debug logging for this logger for a complete list of JARs that were scanned but no TLDs were found in them. Skipping unneeded JARs during scanning can improve startup time and JSP compilation time.
13-Jan-2018 15:51:14.205 INFO [localhost-startStop-1] org.apache.catalina.startup.HostConfig.deployDirectory Deployment of web application directory /opt/tomcat-8/webapps/idp-o has finished in 12,747 ms
13-Jan-2018 15:51:14.211 INFO [localhost-startStop-1] org.apache.catalina.startup.HostConfig.deployDirectory Deploying web application directory /opt/tomcat-8/webapps/docs
13-Jan-2018 15:51:14.360 INFO [localhost-startStop-1] org.apache.jasper.servlet.TldScanner.scanJars At least one JAR was scanned for TLDs yet contained no TLDs. Enable debug logging for this logger for a complete list of JARs that were scanned but no TLDs were found in them. Skipping unneeded JARs during scanning can improve startup time and JSP compilation time.
13-Jan-2018 15:51:14.372 INFO [localhost-startStop-1] org.apache.catalina.startup.HostConfig.deployDirectory Deployment of web application directory /opt/tomcat-8/webapps/docs has finished in 160 ms
13-Jan-2018 15:51:14.372 INFO [localhost-startStop-1] org.apache.catalina.startup.HostConfig.deployDirectory Deploying web application directory /opt/tomcat-8/webapps/ROOT
13-Jan-2018 15:51:14.521 INFO [localhost-startStop-1] org.apache.jasper.servlet.TldScanner.scanJars At least one JAR was scanned for TLDs yet contained no TLDs. Enable debug logging for this logger for a complete list of JARs that were scanned but no TLDs were found in them. Skipping unneeded JARs during scanning can improve startup time and JSP compilation time.
13-Jan-2018 15:51:14.525 INFO [localhost-startStop-1] org.apache.catalina.startup.HostConfig.deployDirectory Deployment of web application directory /opt/tomcat-8/webapps/ROOT has finished in 153 ms
13-Jan-2018 15:51:14.538 INFO [main] org.apache.coyote.AbstractProtocol.start Starting ProtocolHandler ["http-nio-8080"]
13-Jan-2018 15:51:14.570 INFO [main] org.apache.coyote.AbstractProtocol.start Starting ProtocolHandler ["ajp-nio-8009"]
13-Jan-2018 15:51:14.598 INFO [main] org.apache.catalina.startup.Catalina.start Server startup in 27482 ms
13-Jan-2018 15:54:03.077 INFO [main] org.apache.catalina.core.StandardServer.await A valid shutdown command was received via the shutdown port. Stopping the Server instance.
13-Jan-2018 15:54:03.078 INFO [main] org.apache.coyote.AbstractProtocol.pause Pausing ProtocolHandler ["http-nio-8080"]
13-Jan-2018 15:54:03.129 INFO [main] org.apache.coyote.AbstractProtocol.pause Pausing ProtocolHandler ["ajp-nio-8009"]
13-Jan-2018 15:54:03.179 INFO [main] org.apache.catalina.core.StandardService.stopInternal Stopping service Catalina
13-Jan-2018 15:54:03.424 WARNING [localhost-startStop-2] org.apache.catalina.loader.WebappClassLoaderBase.clearReferencesThreads The web application [idp] appears to have started a thread named [AsyncAppender-Worker-ASYNC_PROCESS] but has failed to stop it. This is very likely to create a memory leak. Stack trace of thread:
 sun.misc.Unsafe.park(Native Method)
 java.util.concurrent.locks.LockSupport.park(LockSupport.java:186)
 java.util.concurrent.locks.AbstractQueuedSynchronizer$ConditionObject.await(AbstractQueuedSynchronizer.java:2043)
 java.util.concurrent.ArrayBlockingQueue.take(ArrayBlockingQueue.java:374)
 ch.qos.logback.core.AsyncAppenderBase$Worker.run(AsyncAppenderBase.java:250)
13-Jan-2018 15:54:03.424 WARNING [localhost-startStop-2] org.apache.catalina.loader.WebappClassLoaderBase.clearReferencesThreads The web application [idp] appears to have started a thread named [Thread-38] but has failed to stop it. This is very likely to create a memory leak. Stack trace of thread:
 java.lang.Object.wait(Native Method)
 java.lang.Object.wait(Object.java:503)
 com.sun.jndi.ldap.Connection.pauseReader(Connection.java:811)
 com.sun.jndi.ldap.Connection.run(Connection.java:951)
 java.lang.Thread.run(Thread.java:724)
13-Jan-2018 15:54:03.425 WARNING [localhost-startStop-2] org.apache.catalina.loader.WebappClassLoaderBase.clearReferencesThreads The web application [idp] appears to have started a thread named [Thread-39] but has failed to stop it. This is very likely to create a memory leak. Stack trace of thread:
 java.lang.Object.wait(Native Method)
 java.lang.Object.wait(Object.java:503)
 com.sun.jndi.ldap.Connection.pauseReader(Connection.java:811)
 com.sun.jndi.ldap.Connection.run(Connection.java:951)
 java.lang.Thread.run(Thread.java:724)
13-Jan-2018 15:54:03.425 WARNING [localhost-startStop-2] org.apache.catalina.loader.WebappClassLoaderBase.clearReferencesThreads The web application [idp] appears to have started a thread named [Thread-40] but has failed to stop it. This is very likely to create a memory leak. Stack trace of thread:
 java.net.SocketInputStream.socketRead0(Native Method)
 java.net.SocketInputStream.read(SocketInputStream.java:152)
 java.net.SocketInputStream.read(SocketInputStream.java:122)
 sun.security.ssl.InputRecord.readFully(InputRecord.java:442)
 sun.security.ssl.InputRecord.read(InputRecord.java:480)
 sun.security.ssl.SSLSocketImpl.readRecord(SSLSocketImpl.java:927)
 sun.security.ssl.SSLSocketImpl.readDataRecord(SSLSocketImpl.java:884)
 sun.security.ssl.AppInputStream.read(AppInputStream.java:102)
 com.sun.jndi.ldap.Connection.run(Connection.java:853)
 java.lang.Thread.run(Thread.java:724)
13-Jan-2018 15:54:03.425 WARNING [localhost-startStop-2] org.apache.catalina.loader.WebappClassLoaderBase.clearReferencesThreads The web application [idp] appears to have started a thread named [Thread-41] but has failed to stop it. This is very likely to create a memory leak. Stack trace of thread:
 sun.misc.Unsafe.park(Native Method)
 java.util.concurrent.locks.LockSupport.parkNanos(LockSupport.java:226)
 java.util.concurrent.locks.AbstractQueuedSynchronizer$ConditionObject.awaitNanos(AbstractQueuedSynchronizer.java:2082)
 java.util.concurrent.ScheduledThreadPoolExecutor$DelayedWorkQueue.take(ScheduledThreadPoolExecutor.java:1090)
 java.util.concurrent.ScheduledThreadPoolExecutor$DelayedWorkQueue.take(ScheduledThreadPoolExecutor.java:807)
 java.util.concurrent.ThreadPoolExecutor.getTask(ThreadPoolExecutor.java:1068)
 java.util.concurrent.ThreadPoolExecutor.runWorker(ThreadPoolExecutor.java:1130)
 java.util.concurrent.ThreadPoolExecutor$Worker.run(ThreadPoolExecutor.java:615)
 java.lang.Thread.run(Thread.java:724)
13-Jan-2018 15:54:03.426 WARNING [localhost-startStop-2] org.apache.catalina.loader.WebappClassLoaderBase.clearReferencesThreads The web application [idp] appears to have started a thread named [Thread-42] but has failed to stop it. This is very likely to create a memory leak. Stack trace of thread:
 java.lang.Object.wait(Native Method)
 java.lang.Object.wait(Object.java:503)
 com.sun.jndi.ldap.Connection.pauseReader(Connection.java:811)
 com.sun.jndi.ldap.Connection.run(Connection.java:951)
 java.lang.Thread.run(Thread.java:724)
13-Jan-2018 15:54:03.426 WARNING [localhost-startStop-2] org.apache.catalina.loader.WebappClassLoaderBase.clearReferencesThreads The web application [idp] appears to have started a thread named [Thread-43] but has failed to stop it. This is very likely to create a memory leak. Stack trace of thread:
 java.lang.Object.wait(Native Method)
 java.lang.Object.wait(Object.java:503)
 com.sun.jndi.ldap.Connection.pauseReader(Connection.java:811)
 com.sun.jndi.ldap.Connection.run(Connection.java:951)
 java.lang.Thread.run(Thread.java:724)
13-Jan-2018 15:54:03.426 WARNING [localhost-startStop-2] org.apache.catalina.loader.WebappClassLoaderBase.clearReferencesThreads The web application [idp] appears to have started a thread named [Thread-44] but has failed to stop it. This is very likely to create a memory leak. Stack trace of thread:
 java.net.SocketInputStream.socketRead0(Native Method)
 java.net.SocketInputStream.read(SocketInputStream.java:152)
 java.net.SocketInputStream.read(SocketInputStream.java:122)
 sun.security.ssl.InputRecord.readFully(InputRecord.java:442)
 sun.security.ssl.InputRecord.read(InputRecord.java:480)
 sun.security.ssl.SSLSocketImpl.readRecord(SSLSocketImpl.java:927)
 sun.security.ssl.SSLSocketImpl.readDataRecord(SSLSocketImpl.java:884)
 sun.security.ssl.AppInputStream.read(AppInputStream.java:102)
 com.sun.jndi.ldap.Connection.run(Connection.java:853)
 java.lang.Thread.run(Thread.java:724)
13-Jan-2018 15:54:03.427 WARNING [localhost-startStop-2] org.apache.catalina.loader.WebappClassLoaderBase.clearReferencesThreads The web application [idp] appears to have started a thread named [Thread-45] but has failed to stop it. This is very likely to create a memory leak. Stack trace of thread:
 sun.misc.Unsafe.park(Native Method)
 java.util.concurrent.locks.LockSupport.parkNanos(LockSupport.java:226)
 java.util.concurrent.locks.AbstractQueuedSynchronizer$ConditionObject.awaitNanos(AbstractQueuedSynchronizer.java:2082)
 java.util.concurrent.ScheduledThreadPoolExecutor$DelayedWorkQueue.take(ScheduledThreadPoolExecutor.java:1090)
 java.util.concurrent.ScheduledThreadPoolExecutor$DelayedWorkQueue.take(ScheduledThreadPoolExecutor.java:807)
 java.util.concurrent.ThreadPoolExecutor.getTask(ThreadPoolExecutor.java:1068)
 java.util.concurrent.ThreadPoolExecutor.runWorker(ThreadPoolExecutor.java:1130)
 java.util.concurrent.ThreadPoolExecutor$Worker.run(ThreadPoolExecutor.java:615)
 java.lang.Thread.run(Thread.java:724)
13-Jan-2018 15:54:03.503 WARNING [localhost-startStop-2] org.apache.catalina.loader.WebappClassLoaderBase.clearReferencesThreads The web application [idp-o] appears to have started a thread named [AsyncAppender-Worker-ASYNC_PROCESS] but has failed to stop it. This is very likely to create a memory leak. Stack trace of thread:
 sun.misc.Unsafe.park(Native Method)
 java.util.concurrent.locks.LockSupport.park(LockSupport.java:186)
 java.util.concurrent.locks.AbstractQueuedSynchronizer$ConditionObject.await(AbstractQueuedSynchronizer.java:2043)
 java.util.concurrent.ArrayBlockingQueue.take(ArrayBlockingQueue.java:374)
 ch.qos.logback.core.AsyncAppenderBase$Worker.run(AsyncAppenderBase.java:250)
13-Jan-2018 15:54:03.522 INFO [main] org.apache.coyote.AbstractProtocol.stop Stopping ProtocolHandler ["http-nio-8080"]
13-Jan-2018 15:54:03.523 INFO [main] org.apache.coyote.AbstractProtocol.stop Stopping ProtocolHandler ["ajp-nio-8009"]
13-Jan-2018 15:54:03.524 INFO [main] org.apache.coyote.AbstractProtocol.destroy Destroying ProtocolHandler ["http-nio-8080"]
13-Jan-2018 15:54:03.525 INFO [main] org.apache.coyote.AbstractProtocol.destroy Destroying ProtocolHandler ["ajp-nio-8009"]
13-Jan-2018 15:55:57.178 INFO [main] org.apache.catalina.startup.VersionLoggerListener.log Server version:        Apache Tomcat/8.0.42
13-Jan-2018 15:55:57.182 INFO [main] org.apache.catalina.startup.VersionLoggerListener.log Server built:          Mar 8 2017 19:58:16 UTC
13-Jan-2018 15:55:57.183 INFO [main] org.apache.catalina.startup.VersionLoggerListener.log Server number:         8.0.42.0
13-Jan-2018 15:55:57.183 INFO [main] org.apache.catalina.startup.VersionLoggerListener.log OS Name:               Linux
13-Jan-2018 15:55:57.184 INFO [main] org.apache.catalina.startup.VersionLoggerListener.log OS Version:            4.4.0-62-generic
13-Jan-2018 15:55:57.185 INFO [main] org.apache.catalina.startup.VersionLoggerListener.log Architecture:          amd64
13-Jan-2018 15:55:57.185 INFO [main] org.apache.catalina.startup.VersionLoggerListener.log Java Home:             /opt/softwares/jdk1.7.0_40/jre
13-Jan-2018 15:55:57.185 INFO [main] org.apache.catalina.startup.VersionLoggerListener.log JVM Version:           1.7.0_40-b43
13-Jan-2018 15:55:57.185 INFO [main] org.apache.catalina.startup.VersionLoggerListener.log JVM Vendor:            Oracle Corporation
13-Jan-2018 15:55:57.186 INFO [main] org.apache.catalina.startup.VersionLoggerListener.log CATALINA_BASE:         /opt/tomcat-8
13-Jan-2018 15:55:57.186 INFO [main] org.apache.catalina.startup.VersionLoggerListener.log CATALINA_HOME:         /opt/tomcat-8
13-Jan-2018 15:55:57.186 INFO [main] org.apache.catalina.startup.VersionLoggerListener.log Command line argument: -Djava.util.logging.config.file=/opt/tomcat-8/conf/logging.properties
13-Jan-2018 15:55:57.187 INFO [main] org.apache.catalina.startup.VersionLoggerListener.log Command line argument: -Djava.util.logging.manager=org.apache.juli.ClassLoaderLogManager
13-Jan-2018 15:55:57.187 INFO [main] org.apache.catalina.startup.VersionLoggerListener.log Command line argument: -Xms512M
13-Jan-2018 15:55:57.187 INFO [main] org.apache.catalina.startup.VersionLoggerListener.log Command line argument: -Xmx768M
13-Jan-2018 15:55:57.187 INFO [main] org.apache.catalina.startup.VersionLoggerListener.log Command line argument: -XX:MaxPermSize=256m
13-Jan-2018 15:55:57.187 INFO [main] org.apache.catalina.startup.VersionLoggerListener.log Command line argument: -Djdk.tls.ephemeralDHKeySize=2048
13-Jan-2018 15:55:57.188 INFO [main] org.apache.catalina.startup.VersionLoggerListener.log Command line argument: -Djava.protocol.handler.pkgs=org.apache.catalina.webresources
13-Jan-2018 15:55:57.188 INFO [main] org.apache.catalina.startup.VersionLoggerListener.log Command line argument: -Djava.endorsed.dirs=/opt/tomcat-8/endorsed
13-Jan-2018 15:55:57.188 INFO [main] org.apache.catalina.startup.VersionLoggerListener.log Command line argument: -Dcatalina.base=/opt/tomcat-8
13-Jan-2018 15:55:57.188 INFO [main] org.apache.catalina.startup.VersionLoggerListener.log Command line argument: -Dcatalina.home=/opt/tomcat-8
13-Jan-2018 15:55:57.189 INFO [main] org.apache.catalina.startup.VersionLoggerListener.log Command line argument: -Djava.io.tmpdir=/opt/tomcat-8/temp
13-Jan-2018 15:55:57.189 INFO [main] org.apache.catalina.core.AprLifecycleListener.lifecycleEvent The APR based Apache Tomcat Native library which allows optimal performance in production environments was not found on the java.library.path: /usr/java/packages/lib/amd64:/usr/lib64:/lib64:/lib:/usr/lib
13-Jan-2018 15:55:57.367 INFO [main] org.apache.coyote.AbstractProtocol.init Initializing ProtocolHandler ["http-nio-8080"]
13-Jan-2018 15:55:57.386 INFO [main] org.apache.tomcat.util.net.NioSelectorPool.getSharedSelector Using a shared selector for servlet write/read
13-Jan-2018 15:55:57.398 INFO [main] org.apache.coyote.AbstractProtocol.init Initializing ProtocolHandler ["ajp-nio-8009"]
13-Jan-2018 15:55:57.400 INFO [main] org.apache.tomcat.util.net.NioSelectorPool.getSharedSelector Using a shared selector for servlet write/read
13-Jan-2018 15:55:57.406 INFO [main] org.apache.catalina.startup.Catalina.load Initialization processed in 916 ms
13-Jan-2018 15:55:57.443 INFO [main] org.apache.catalina.core.StandardService.startInternal Starting service Catalina
13-Jan-2018 15:55:57.446 INFO [main] org.apache.catalina.core.StandardEngine.startInternal Starting Servlet Engine: Apache Tomcat/8.0.42
13-Jan-2018 15:55:57.462 INFO [localhost-startStop-1] org.apache.catalina.startup.HostConfig.deployDescriptor Deploying configuration descriptor /opt/tomcat-8/conf/Catalina/localhost/idp.xml
13-Jan-2018 15:55:59.016 INFO [localhost-startStop-1] org.apache.jasper.servlet.TldScanner.scanJars At least one JAR was scanned for TLDs yet contained no TLDs. Enable debug logging for this logger for a complete list of JARs that were scanned but no TLDs were found in them. Skipping unneeded JARs during scanning can improve startup time and JSP compilation time.
13-Jan-2018 15:56:10.890 INFO [localhost-startStop-1] org.apache.catalina.startup.HostConfig.deployDescriptor Deployment of configuration descriptor /opt/tomcat-8/conf/Catalina/localhost/idp.xml has finished in 13,428 ms
13-Jan-2018 15:56:10.891 INFO [localhost-startStop-1] org.apache.catalina.startup.HostConfig.deployDirectory Deploying web application directory /opt/tomcat-8/webapps/manager
13-Jan-2018 15:56:11.130 INFO [localhost-startStop-1] org.apache.jasper.servlet.TldScanner.scanJars At least one JAR was scanned for TLDs yet contained no TLDs. Enable debug logging for this logger for a complete list of JARs that were scanned but no TLDs were found in them. Skipping unneeded JARs during scanning can improve startup time and JSP compilation time.
13-Jan-2018 15:56:11.141 INFO [localhost-startStop-1] org.apache.catalina.startup.HostConfig.deployDirectory Deployment of web application directory /opt/tomcat-8/webapps/manager has finished in 250 ms
13-Jan-2018 15:56:11.146 INFO [localhost-startStop-1] org.apache.catalina.startup.HostConfig.deployDirectory Deploying web application directory /opt/tomcat-8/webapps/host-manager
13-Jan-2018 15:56:11.379 INFO [localhost-startStop-1] org.apache.jasper.servlet.TldScanner.scanJars At least one JAR was scanned for TLDs yet contained no TLDs. Enable debug logging for this logger for a complete list of JARs that were scanned but no TLDs were found in them. Skipping unneeded JARs during scanning can improve startup time and JSP compilation time.
13-Jan-2018 15:56:11.383 INFO [localhost-startStop-1] org.apache.catalina.startup.HostConfig.deployDirectory Deployment of web application directory /opt/tomcat-8/webapps/host-manager has finished in 237 ms
13-Jan-2018 15:56:11.386 INFO [localhost-startStop-1] org.apache.catalina.startup.HostConfig.deployDirectory Deploying web application directory /opt/tomcat-8/webapps/examples
13-Jan-2018 15:56:11.907 INFO [localhost-startStop-1] org.apache.jasper.servlet.TldScanner.scanJars At least one JAR was scanned for TLDs yet contained no TLDs. Enable debug logging for this logger for a complete list of JARs that were scanned but no TLDs were found in them. Skipping unneeded JARs during scanning can improve startup time and JSP compilation time.
13-Jan-2018 15:56:11.929 INFO [localhost-startStop-1] org.apache.catalina.startup.HostConfig.deployDirectory Deployment of web application directory /opt/tomcat-8/webapps/examples has finished in 543 ms
13-Jan-2018 15:56:11.934 INFO [localhost-startStop-1] org.apache.catalina.startup.HostConfig.deployDirectory Deploying web application directory /opt/tomcat-8/webapps/idp-o
13-Jan-2018 15:56:12.841 INFO [localhost-startStop-1] org.apache.jasper.servlet.TldScanner.scanJars At least one JAR was scanned for TLDs yet contained no TLDs. Enable debug logging for this logger for a complete list of JARs that were scanned but no TLDs were found in them. Skipping unneeded JARs during scanning can improve startup time and JSP compilation time.
13-Jan-2018 15:56:26.241 INFO [localhost-startStop-1] org.apache.catalina.startup.HostConfig.deployDirectory Deployment of web application directory /opt/tomcat-8/webapps/idp-o has finished in 14,307 ms
13-Jan-2018 15:56:26.250 INFO [localhost-startStop-1] org.apache.catalina.startup.HostConfig.deployDirectory Deploying web application directory /opt/tomcat-8/webapps/docs
13-Jan-2018 15:56:26.390 INFO [localhost-startStop-1] org.apache.jasper.servlet.TldScanner.scanJars At least one JAR was scanned for TLDs yet contained no TLDs. Enable debug logging for this logger for a complete list of JARs that were scanned but no TLDs were found in them. Skipping unneeded JARs during scanning can improve startup time and JSP compilation time.
13-Jan-2018 15:56:26.392 INFO [localhost-startStop-1] org.apache.catalina.startup.HostConfig.deployDirectory Deployment of web application directory /opt/tomcat-8/webapps/docs has finished in 142 ms
13-Jan-2018 15:56:26.392 INFO [localhost-startStop-1] org.apache.catalina.startup.HostConfig.deployDirectory Deploying web application directory /opt/tomcat-8/webapps/ROOT
13-Jan-2018 15:56:26.498 INFO [localhost-startStop-1] org.apache.jasper.servlet.TldScanner.scanJars At least one JAR was scanned for TLDs yet contained no TLDs. Enable debug logging for this logger for a complete list of JARs that were scanned but no TLDs were found in them. Skipping unneeded JARs during scanning can improve startup time and JSP compilation time.
13-Jan-2018 15:56:26.500 INFO [localhost-startStop-1] org.apache.catalina.startup.HostConfig.deployDirectory Deployment of web application directory /opt/tomcat-8/webapps/ROOT has finished in 108 ms
13-Jan-2018 15:56:26.506 INFO [main] org.apache.coyote.AbstractProtocol.start Starting ProtocolHandler ["http-nio-8080"]
13-Jan-2018 15:56:26.526 INFO [main] org.apache.coyote.AbstractProtocol.start Starting ProtocolHandler ["ajp-nio-8009"]
13-Jan-2018 15:56:26.542 INFO [main] org.apache.catalina.startup.Catalina.start Server startup in 29135 ms
