30-Dec-2017 10:55:23.984 INFO [main] org.apache.catalina.startup.VersionLoggerListener.log Server version:        Apache Tomcat/8.0.42
30-Dec-2017 10:55:23.989 INFO [main] org.apache.catalina.startup.VersionLoggerListener.log Server built:          Mar 8 2017 19:58:16 UTC
30-Dec-2017 10:55:23.989 INFO [main] org.apache.catalina.startup.VersionLoggerListener.log Server number:         8.0.42.0
30-Dec-2017 10:55:23.989 INFO [main] org.apache.catalina.startup.VersionLoggerListener.log OS Name:               Linux
30-Dec-2017 10:55:23.989 INFO [main] org.apache.catalina.startup.VersionLoggerListener.log OS Version:            4.4.0-62-generic
30-Dec-2017 10:55:23.989 INFO [main] org.apache.catalina.startup.VersionLoggerListener.log Architecture:          amd64
30-Dec-2017 10:55:23.990 INFO [main] org.apache.catalina.startup.VersionLoggerListener.log Java Home:             /opt/softwares/jdk1.7.0_40/jre
30-Dec-2017 10:55:23.990 INFO [main] org.apache.catalina.startup.VersionLoggerListener.log JVM Version:           1.7.0_40-b43
30-Dec-2017 10:55:23.990 INFO [main] org.apache.catalina.startup.VersionLoggerListener.log JVM Vendor:            Oracle Corporation
30-Dec-2017 10:55:23.990 INFO [main] org.apache.catalina.startup.VersionLoggerListener.log CATALINA_BASE:         /opt/tomcat-8
30-Dec-2017 10:55:23.990 INFO [main] org.apache.catalina.startup.VersionLoggerListener.log CATALINA_HOME:         /opt/tomcat-8
30-Dec-2017 10:55:23.991 INFO [main] org.apache.catalina.startup.VersionLoggerListener.log Command line argument: -Djava.util.logging.config.file=/opt/tomcat-8/conf/logging.properties
30-Dec-2017 10:55:23.991 INFO [main] org.apache.catalina.startup.VersionLoggerListener.log Command line argument: -Djava.util.logging.manager=org.apache.juli.ClassLoaderLogManager
30-Dec-2017 10:55:23.991 INFO [main] org.apache.catalina.startup.VersionLoggerListener.log Command line argument: -Xms512M
30-Dec-2017 10:55:23.991 INFO [main] org.apache.catalina.startup.VersionLoggerListener.log Command line argument: -Xmx768M
30-Dec-2017 10:55:23.992 INFO [main] org.apache.catalina.startup.VersionLoggerListener.log Command line argument: -XX:MaxPermSize=256m
30-Dec-2017 10:55:23.992 INFO [main] org.apache.catalina.startup.VersionLoggerListener.log Command line argument: -Djdk.tls.ephemeralDHKeySize=2048
30-Dec-2017 10:55:23.992 INFO [main] org.apache.catalina.startup.VersionLoggerListener.log Command line argument: -Djava.protocol.handler.pkgs=org.apache.catalina.webresources
30-Dec-2017 10:55:23.992 INFO [main] org.apache.catalina.startup.VersionLoggerListener.log Command line argument: -Djava.endorsed.dirs=/opt/tomcat-8/endorsed
30-Dec-2017 10:55:23.992 INFO [main] org.apache.catalina.startup.VersionLoggerListener.log Command line argument: -Dcatalina.base=/opt/tomcat-8
30-Dec-2017 10:55:23.993 INFO [main] org.apache.catalina.startup.VersionLoggerListener.log Command line argument: -Dcatalina.home=/opt/tomcat-8
30-Dec-2017 10:55:23.995 INFO [main] org.apache.catalina.startup.VersionLoggerListener.log Command line argument: -Djava.io.tmpdir=/opt/tomcat-8/temp
30-Dec-2017 10:55:23.995 INFO [main] org.apache.catalina.core.AprLifecycleListener.lifecycleEvent The APR based Apache Tomcat Native library which allows optimal performance in production environments was not found on the java.library.path: /usr/java/packages/lib/amd64:/usr/lib64:/lib64:/lib:/usr/lib
30-Dec-2017 10:55:24.679 INFO [main] org.apache.coyote.AbstractProtocol.init Initializing ProtocolHandler ["http-nio-8080"]
30-Dec-2017 10:55:24.723 INFO [main] org.apache.tomcat.util.net.NioSelectorPool.getSharedSelector Using a shared selector for servlet write/read
30-Dec-2017 10:55:24.734 INFO [main] org.apache.coyote.AbstractProtocol.init Initializing ProtocolHandler ["ajp-nio-8009"]
30-Dec-2017 10:55:24.735 INFO [main] org.apache.tomcat.util.net.NioSelectorPool.getSharedSelector Using a shared selector for servlet write/read
30-Dec-2017 10:55:24.740 INFO [main] org.apache.catalina.startup.Catalina.load Initialization processed in 2055 ms
30-Dec-2017 10:55:24.801 INFO [main] org.apache.catalina.core.StandardService.startInternal Starting service Catalina
30-Dec-2017 10:55:24.801 INFO [main] org.apache.catalina.core.StandardEngine.startInternal Starting Servlet Engine: Apache Tomcat/8.0.42
30-Dec-2017 10:55:24.855 INFO [localhost-startStop-1] org.apache.catalina.startup.HostConfig.deployDescriptor Deploying configuration descriptor /opt/tomcat-8/conf/Catalina/localhost/idp.xml
30-Dec-2017 10:55:27.949 INFO [localhost-startStop-1] org.apache.jasper.servlet.TldScanner.scanJars At least one JAR was scanned for TLDs yet contained no TLDs. Enable debug logging for this logger for a complete list of JARs that were scanned but no TLDs were found in them. Skipping unneeded JARs during scanning can improve startup time and JSP compilation time.
30-Dec-2017 10:55:42.165 INFO [localhost-startStop-1] org.apache.catalina.startup.HostConfig.deployDescriptor Deployment of configuration descriptor /opt/tomcat-8/conf/Catalina/localhost/idp.xml has finished in 17,310 ms
30-Dec-2017 10:55:42.171 INFO [localhost-startStop-1] org.apache.catalina.startup.HostConfig.deployDirectory Deploying web application directory /opt/tomcat-8/webapps/manager
30-Dec-2017 10:55:42.434 INFO [localhost-startStop-1] org.apache.jasper.servlet.TldScanner.scanJars At least one JAR was scanned for TLDs yet contained no TLDs. Enable debug logging for this logger for a complete list of JARs that were scanned but no TLDs were found in them. Skipping unneeded JARs during scanning can improve startup time and JSP compilation time.
30-Dec-2017 10:55:42.446 INFO [localhost-startStop-1] org.apache.catalina.startup.HostConfig.deployDirectory Deployment of web application directory /opt/tomcat-8/webapps/manager has finished in 274 ms
30-Dec-2017 10:55:42.446 INFO [localhost-startStop-1] org.apache.catalina.startup.HostConfig.deployDirectory Deploying web application directory /opt/tomcat-8/webapps/host-manager
30-Dec-2017 10:55:42.710 INFO [localhost-startStop-1] org.apache.jasper.servlet.TldScanner.scanJars At least one JAR was scanned for TLDs yet contained no TLDs. Enable debug logging for this logger for a complete list of JARs that were scanned but no TLDs were found in them. Skipping unneeded JARs during scanning can improve startup time and JSP compilation time.
30-Dec-2017 10:55:42.712 INFO [localhost-startStop-1] org.apache.catalina.startup.HostConfig.deployDirectory Deployment of web application directory /opt/tomcat-8/webapps/host-manager has finished in 266 ms
30-Dec-2017 10:55:42.714 INFO [localhost-startStop-1] org.apache.catalina.startup.HostConfig.deployDirectory Deploying web application directory /opt/tomcat-8/webapps/examples
30-Dec-2017 10:55:43.360 INFO [localhost-startStop-1] org.apache.jasper.servlet.TldScanner.scanJars At least one JAR was scanned for TLDs yet contained no TLDs. Enable debug logging for this logger for a complete list of JARs that were scanned but no TLDs were found in them. Skipping unneeded JARs during scanning can improve startup time and JSP compilation time.
30-Dec-2017 10:55:43.381 INFO [localhost-startStop-1] org.apache.catalina.startup.HostConfig.deployDirectory Deployment of web application directory /opt/tomcat-8/webapps/examples has finished in 667 ms
30-Dec-2017 10:55:43.390 INFO [localhost-startStop-1] org.apache.catalina.startup.HostConfig.deployDirectory Deploying web application directory /opt/tomcat-8/webapps/docs
30-Dec-2017 10:55:43.637 INFO [localhost-startStop-1] org.apache.jasper.servlet.TldScanner.scanJars At least one JAR was scanned for TLDs yet contained no TLDs. Enable debug logging for this logger for a complete list of JARs that were scanned but no TLDs were found in them. Skipping unneeded JARs during scanning can improve startup time and JSP compilation time.
30-Dec-2017 10:55:43.647 INFO [localhost-startStop-1] org.apache.catalina.startup.HostConfig.deployDirectory Deployment of web application directory /opt/tomcat-8/webapps/docs has finished in 256 ms
30-Dec-2017 10:55:43.647 INFO [localhost-startStop-1] org.apache.catalina.startup.HostConfig.deployDirectory Deploying web application directory /opt/tomcat-8/webapps/ROOT
30-Dec-2017 10:55:43.928 INFO [localhost-startStop-1] org.apache.jasper.servlet.TldScanner.scanJars At least one JAR was scanned for TLDs yet contained no TLDs. Enable debug logging for this logger for a complete list of JARs that were scanned but no TLDs were found in them. Skipping unneeded JARs during scanning can improve startup time and JSP compilation time.
30-Dec-2017 10:55:43.939 INFO [localhost-startStop-1] org.apache.catalina.startup.HostConfig.deployDirectory Deployment of web application directory /opt/tomcat-8/webapps/ROOT has finished in 292 ms
30-Dec-2017 10:55:43.945 INFO [main] org.apache.coyote.AbstractProtocol.start Starting ProtocolHandler ["http-nio-8080"]
30-Dec-2017 10:55:43.981 INFO [main] org.apache.coyote.AbstractProtocol.start Starting ProtocolHandler ["ajp-nio-8009"]
30-Dec-2017 10:55:44.006 INFO [main] org.apache.catalina.startup.Catalina.start Server startup in 19265 ms
