21-Aug-2018 13:44:59.891 INFO [main] org.apache.catalina.startup.VersionLoggerListener.log Server version:        Apache Tomcat/8.0.42
21-Aug-2018 13:45:00.070 INFO [main] org.apache.catalina.startup.VersionLoggerListener.log Server built:          Mar 8 2017 19:58:16 UTC
21-Aug-2018 13:45:00.071 INFO [main] org.apache.catalina.startup.VersionLoggerListener.log Server number:         8.0.42.0
21-Aug-2018 13:45:00.071 INFO [main] org.apache.catalina.startup.VersionLoggerListener.log OS Name:               Linux
21-Aug-2018 13:45:00.071 INFO [main] org.apache.catalina.startup.VersionLoggerListener.log OS Version:            4.4.0-131-generic
21-Aug-2018 13:45:00.071 INFO [main] org.apache.catalina.startup.VersionLoggerListener.log Architecture:          amd64
21-Aug-2018 13:45:00.071 INFO [main] org.apache.catalina.startup.VersionLoggerListener.log Java Home:             /opt/softwares/jdk1.7.0_40/jre
21-Aug-2018 13:45:00.071 INFO [main] org.apache.catalina.startup.VersionLoggerListener.log JVM Version:           1.7.0_40-b43
21-Aug-2018 13:45:00.072 INFO [main] org.apache.catalina.startup.VersionLoggerListener.log JVM Vendor:            Oracle Corporation
21-Aug-2018 13:45:00.072 INFO [main] org.apache.catalina.startup.VersionLoggerListener.log CATALINA_BASE:         /opt/tomcat-8
21-Aug-2018 13:45:00.072 INFO [main] org.apache.catalina.startup.VersionLoggerListener.log CATALINA_HOME:         /opt/tomcat-8
21-Aug-2018 13:45:00.072 INFO [main] org.apache.catalina.startup.VersionLoggerListener.log Command line argument: -Djava.util.logging.config.file=/opt/tomcat-8/conf/logging.properties
21-Aug-2018 13:45:00.073 INFO [main] org.apache.catalina.startup.VersionLoggerListener.log Command line argument: -Djava.util.logging.manager=org.apache.juli.ClassLoaderLogManager
21-Aug-2018 13:45:00.073 INFO [main] org.apache.catalina.startup.VersionLoggerListener.log Command line argument: -Xms512M
21-Aug-2018 13:45:00.073 INFO [main] org.apache.catalina.startup.VersionLoggerListener.log Command line argument: -Xmx768M
21-Aug-2018 13:45:00.073 INFO [main] org.apache.catalina.startup.VersionLoggerListener.log Command line argument: -XX:MaxPermSize=256m
21-Aug-2018 13:45:00.073 INFO [main] org.apache.catalina.startup.VersionLoggerListener.log Command line argument: -Djdk.tls.ephemeralDHKeySize=2048
21-Aug-2018 13:45:00.073 INFO [main] org.apache.catalina.startup.VersionLoggerListener.log Command line argument: -Djava.protocol.handler.pkgs=org.apache.catalina.webresources
21-Aug-2018 13:45:00.074 INFO [main] org.apache.catalina.startup.VersionLoggerListener.log Command line argument: -Djava.endorsed.dirs=/opt/tomcat-8/endorsed
21-Aug-2018 13:45:00.074 INFO [main] org.apache.catalina.startup.VersionLoggerListener.log Command line argument: -Dcatalina.base=/opt/tomcat-8
21-Aug-2018 13:45:00.074 INFO [main] org.apache.catalina.startup.VersionLoggerListener.log Command line argument: -Dcatalina.home=/opt/tomcat-8
21-Aug-2018 13:45:00.074 INFO [main] org.apache.catalina.startup.VersionLoggerListener.log Command line argument: -Djava.io.tmpdir=/opt/tomcat-8/temp
21-Aug-2018 13:45:00.074 INFO [main] org.apache.catalina.core.AprLifecycleListener.lifecycleEvent The APR based Apache Tomcat Native library which allows optimal performance in production environments was not found on the java.library.path: /usr/java/packages/lib/amd64:/usr/lib64:/lib64:/lib:/usr/lib
21-Aug-2018 13:45:02.470 INFO [main] org.apache.coyote.AbstractProtocol.init Initializing ProtocolHandler ["http-nio-8080"]
21-Aug-2018 13:45:02.553 INFO [main] org.apache.tomcat.util.net.NioSelectorPool.getSharedSelector Using a shared selector for servlet write/read
21-Aug-2018 13:45:02.564 INFO [main] org.apache.coyote.AbstractProtocol.init Initializing ProtocolHandler ["ajp-nio-8009"]
21-Aug-2018 13:45:02.567 INFO [main] org.apache.tomcat.util.net.NioSelectorPool.getSharedSelector Using a shared selector for servlet write/read
21-Aug-2018 13:45:02.567 INFO [main] org.apache.catalina.startup.Catalina.load Initialization processed in 5996 ms
21-Aug-2018 13:45:02.686 INFO [main] org.apache.catalina.core.StandardService.startInternal Starting service Catalina
21-Aug-2018 13:45:02.686 INFO [main] org.apache.catalina.core.StandardEngine.startInternal Starting Servlet Engine: Apache Tomcat/8.0.42
21-Aug-2018 13:45:02.724 INFO [localhost-startStop-1] org.apache.catalina.startup.HostConfig.deployDescriptor Deploying configuration descriptor /opt/tomcat-8/conf/Catalina/localhost/idp.xml
21-Aug-2018 13:45:13.455 INFO [localhost-startStop-1] org.apache.jasper.servlet.TldScanner.scanJars At least one JAR was scanned for TLDs yet contained no TLDs. Enable debug logging for this logger for a complete list of JARs that were scanned but no TLDs were found in them. Skipping unneeded JARs during scanning can improve startup time and JSP compilation time.
21-Aug-2018 13:45:46.645 INFO [localhost-startStop-1] org.apache.catalina.startup.HostConfig.deployDescriptor Deployment of configuration descriptor /opt/tomcat-8/conf/Catalina/localhost/idp.xml has finished in 43,922 ms
21-Aug-2018 13:45:46.646 INFO [localhost-startStop-1] org.apache.catalina.startup.HostConfig.deployDirectory Deploying web application directory /opt/tomcat-8/webapps/manager
21-Aug-2018 13:45:47.049 INFO [localhost-startStop-1] org.apache.jasper.servlet.TldScanner.scanJars At least one JAR was scanned for TLDs yet contained no TLDs. Enable debug logging for this logger for a complete list of JARs that were scanned but no TLDs were found in them. Skipping unneeded JARs during scanning can improve startup time and JSP compilation time.
21-Aug-2018 13:45:47.065 INFO [localhost-startStop-1] org.apache.catalina.startup.HostConfig.deployDirectory Deployment of web application directory /opt/tomcat-8/webapps/manager has finished in 418 ms
21-Aug-2018 13:45:47.069 INFO [localhost-startStop-1] org.apache.catalina.startup.HostConfig.deployDirectory Deploying web application directory /opt/tomcat-8/webapps/host-manager
21-Aug-2018 13:45:47.300 INFO [localhost-startStop-1] org.apache.jasper.servlet.TldScanner.scanJars At least one JAR was scanned for TLDs yet contained no TLDs. Enable debug logging for this logger for a complete list of JARs that were scanned but no TLDs were found in them. Skipping unneeded JARs during scanning can improve startup time and JSP compilation time.
21-Aug-2018 13:45:47.302 INFO [localhost-startStop-1] org.apache.catalina.startup.HostConfig.deployDirectory Deployment of web application directory /opt/tomcat-8/webapps/host-manager has finished in 233 ms
21-Aug-2018 13:45:47.302 INFO [localhost-startStop-1] org.apache.catalina.startup.HostConfig.deployDirectory Deploying web application directory /opt/tomcat-8/webapps/examples
21-Aug-2018 13:45:48.011 INFO [localhost-startStop-1] org.apache.jasper.servlet.TldScanner.scanJars At least one JAR was scanned for TLDs yet contained no TLDs. Enable debug logging for this logger for a complete list of JARs that were scanned but no TLDs were found in them. Skipping unneeded JARs during scanning can improve startup time and JSP compilation time.
21-Aug-2018 13:45:48.036 INFO [localhost-startStop-1] org.apache.catalina.startup.HostConfig.deployDirectory Deployment of web application directory /opt/tomcat-8/webapps/examples has finished in 734 ms
21-Aug-2018 13:45:48.039 INFO [localhost-startStop-1] org.apache.catalina.startup.HostConfig.deployDirectory Deploying web application directory /opt/tomcat-8/webapps/idp-o
21-Aug-2018 13:45:51.196 INFO [localhost-startStop-1] org.apache.jasper.servlet.TldScanner.scanJars At least one JAR was scanned for TLDs yet contained no TLDs. Enable debug logging for this logger for a complete list of JARs that were scanned but no TLDs were found in them. Skipping unneeded JARs during scanning can improve startup time and JSP compilation time.
21-Aug-2018 13:46:12.522 INFO [localhost-startStop-1] org.apache.catalina.startup.HostConfig.deployDirectory Deployment of web application directory /opt/tomcat-8/webapps/idp-o has finished in 24,483 ms
21-Aug-2018 13:46:12.523 INFO [localhost-startStop-1] org.apache.catalina.startup.HostConfig.deployDirectory Deploying web application directory /opt/tomcat-8/webapps/docs
21-Aug-2018 13:46:12.620 INFO [localhost-startStop-1] org.apache.jasper.servlet.TldScanner.scanJars At least one JAR was scanned for TLDs yet contained no TLDs. Enable debug logging for this logger for a complete list of JARs that were scanned but no TLDs were found in them. Skipping unneeded JARs during scanning can improve startup time and JSP compilation time.
21-Aug-2018 13:46:12.622 INFO [localhost-startStop-1] org.apache.catalina.startup.HostConfig.deployDirectory Deployment of web application directory /opt/tomcat-8/webapps/docs has finished in 98 ms
21-Aug-2018 13:46:12.622 INFO [localhost-startStop-1] org.apache.catalina.startup.HostConfig.deployDirectory Deploying web application directory /opt/tomcat-8/webapps/ROOT
21-Aug-2018 13:46:12.730 INFO [localhost-startStop-1] org.apache.jasper.servlet.TldScanner.scanJars At least one JAR was scanned for TLDs yet contained no TLDs. Enable debug logging for this logger for a complete list of JARs that were scanned but no TLDs were found in them. Skipping unneeded JARs during scanning can improve startup time and JSP compilation time.
21-Aug-2018 13:46:12.731 INFO [localhost-startStop-1] org.apache.catalina.startup.HostConfig.deployDirectory Deployment of web application directory /opt/tomcat-8/webapps/ROOT has finished in 109 ms
21-Aug-2018 13:46:12.736 INFO [main] org.apache.coyote.AbstractProtocol.start Starting ProtocolHandler ["http-nio-8080"]
21-Aug-2018 13:46:12.742 INFO [main] org.apache.coyote.AbstractProtocol.start Starting ProtocolHandler ["ajp-nio-8009"]
21-Aug-2018 13:46:12.745 INFO [main] org.apache.catalina.startup.Catalina.start Server startup in 70176 ms
