18-May-2018 10:37:25.352 INFO [main] org.apache.catalina.startup.VersionLoggerListener.log Server version:        Apache Tomcat/8.0.42
18-May-2018 10:37:25.462 INFO [main] org.apache.catalina.startup.VersionLoggerListener.log Server built:          Mar 8 2017 19:58:16 UTC
18-May-2018 10:37:25.463 INFO [main] org.apache.catalina.startup.VersionLoggerListener.log Server number:         8.0.42.0
18-May-2018 10:37:25.464 INFO [main] org.apache.catalina.startup.VersionLoggerListener.log OS Name:               Linux
18-May-2018 10:37:25.467 INFO [main] org.apache.catalina.startup.VersionLoggerListener.log OS Version:            4.4.0-62-generic
18-May-2018 10:37:25.468 INFO [main] org.apache.catalina.startup.VersionLoggerListener.log Architecture:          amd64
18-May-2018 10:37:25.469 INFO [main] org.apache.catalina.startup.VersionLoggerListener.log Java Home:             /opt/softwares/jdk1.7.0_40/jre
18-May-2018 10:37:25.470 INFO [main] org.apache.catalina.startup.VersionLoggerListener.log JVM Version:           1.7.0_40-b43
18-May-2018 10:37:25.474 INFO [main] org.apache.catalina.startup.VersionLoggerListener.log JVM Vendor:            Oracle Corporation
18-May-2018 10:37:25.475 INFO [main] org.apache.catalina.startup.VersionLoggerListener.log CATALINA_BASE:         /opt/tomcat-8
18-May-2018 10:37:25.476 INFO [main] org.apache.catalina.startup.VersionLoggerListener.log CATALINA_HOME:         /opt/tomcat-8
18-May-2018 10:37:25.477 INFO [main] org.apache.catalina.startup.VersionLoggerListener.log Command line argument: -Djava.util.logging.config.file=/opt/tomcat-8/conf/logging.properties
18-May-2018 10:37:25.478 INFO [main] org.apache.catalina.startup.VersionLoggerListener.log Command line argument: -Djava.util.logging.manager=org.apache.juli.ClassLoaderLogManager
18-May-2018 10:37:25.479 INFO [main] org.apache.catalina.startup.VersionLoggerListener.log Command line argument: -Xms512M
18-May-2018 10:37:25.482 INFO [main] org.apache.catalina.startup.VersionLoggerListener.log Command line argument: -Xmx768M
18-May-2018 10:37:25.483 INFO [main] org.apache.catalina.startup.VersionLoggerListener.log Command line argument: -XX:MaxPermSize=256m
18-May-2018 10:37:25.484 INFO [main] org.apache.catalina.startup.VersionLoggerListener.log Command line argument: -Djdk.tls.ephemeralDHKeySize=2048
18-May-2018 10:37:25.485 INFO [main] org.apache.catalina.startup.VersionLoggerListener.log Command line argument: -Djava.protocol.handler.pkgs=org.apache.catalina.webresources
18-May-2018 10:37:25.486 INFO [main] org.apache.catalina.startup.VersionLoggerListener.log Command line argument: -Djava.endorsed.dirs=/opt/tomcat-8/endorsed
18-May-2018 10:37:25.486 INFO [main] org.apache.catalina.startup.VersionLoggerListener.log Command line argument: -Dcatalina.base=/opt/tomcat-8
18-May-2018 10:37:25.487 INFO [main] org.apache.catalina.startup.VersionLoggerListener.log Command line argument: -Dcatalina.home=/opt/tomcat-8
18-May-2018 10:37:25.488 INFO [main] org.apache.catalina.startup.VersionLoggerListener.log Command line argument: -Djava.io.tmpdir=/opt/tomcat-8/temp
18-May-2018 10:37:25.489 INFO [main] org.apache.catalina.core.AprLifecycleListener.lifecycleEvent The APR based Apache Tomcat Native library which allows optimal performance in production environments was not found on the java.library.path: /usr/java/packages/lib/amd64:/usr/lib64:/lib64:/lib:/usr/lib
18-May-2018 10:37:27.584 INFO [main] org.apache.coyote.AbstractProtocol.init Initializing ProtocolHandler ["http-nio-8080"]
18-May-2018 10:37:28.084 INFO [main] org.apache.tomcat.util.net.NioSelectorPool.getSharedSelector Using a shared selector for servlet write/read
18-May-2018 10:37:28.102 INFO [main] org.apache.coyote.AbstractProtocol.init Initializing ProtocolHandler ["ajp-nio-8009"]
18-May-2018 10:37:28.114 INFO [main] org.apache.tomcat.util.net.NioSelectorPool.getSharedSelector Using a shared selector for servlet write/read
18-May-2018 10:37:28.121 INFO [main] org.apache.catalina.startup.Catalina.load Initialization processed in 6957 ms
18-May-2018 10:37:28.334 INFO [main] org.apache.catalina.core.StandardService.startInternal Starting service Catalina
18-May-2018 10:37:28.335 INFO [main] org.apache.catalina.core.StandardEngine.startInternal Starting Servlet Engine: Apache Tomcat/8.0.42
18-May-2018 10:37:28.425 INFO [localhost-startStop-1] org.apache.catalina.startup.HostConfig.deployDescriptor Deploying configuration descriptor /opt/tomcat-8/conf/Catalina/localhost/idp.xml
18-May-2018 10:37:41.687 INFO [localhost-startStop-1] org.apache.jasper.servlet.TldScanner.scanJars At least one JAR was scanned for TLDs yet contained no TLDs. Enable debug logging for this logger for a complete list of JARs that were scanned but no TLDs were found in them. Skipping unneeded JARs during scanning can improve startup time and JSP compilation time.
18-May-2018 10:38:20.797 INFO [localhost-startStop-1] org.apache.catalina.startup.HostConfig.deployDescriptor Deployment of configuration descriptor /opt/tomcat-8/conf/Catalina/localhost/idp.xml has finished in 52,372 ms
18-May-2018 10:38:20.798 INFO [localhost-startStop-1] org.apache.catalina.startup.HostConfig.deployDirectory Deploying web application directory /opt/tomcat-8/webapps/manager
18-May-2018 10:38:21.111 INFO [localhost-startStop-1] org.apache.jasper.servlet.TldScanner.scanJars At least one JAR was scanned for TLDs yet contained no TLDs. Enable debug logging for this logger for a complete list of JARs that were scanned but no TLDs were found in them. Skipping unneeded JARs during scanning can improve startup time and JSP compilation time.
18-May-2018 10:38:21.117 INFO [localhost-startStop-1] org.apache.catalina.startup.HostConfig.deployDirectory Deployment of web application directory /opt/tomcat-8/webapps/manager has finished in 319 ms
18-May-2018 10:38:21.125 INFO [localhost-startStop-1] org.apache.catalina.startup.HostConfig.deployDirectory Deploying web application directory /opt/tomcat-8/webapps/host-manager
18-May-2018 10:38:21.379 INFO [localhost-startStop-1] org.apache.jasper.servlet.TldScanner.scanJars At least one JAR was scanned for TLDs yet contained no TLDs. Enable debug logging for this logger for a complete list of JARs that were scanned but no TLDs were found in them. Skipping unneeded JARs during scanning can improve startup time and JSP compilation time.
18-May-2018 10:38:21.391 INFO [localhost-startStop-1] org.apache.catalina.startup.HostConfig.deployDirectory Deployment of web application directory /opt/tomcat-8/webapps/host-manager has finished in 266 ms
18-May-2018 10:38:21.391 INFO [localhost-startStop-1] org.apache.catalina.startup.HostConfig.deployDirectory Deploying web application directory /opt/tomcat-8/webapps/examples
18-May-2018 10:38:22.032 INFO [localhost-startStop-1] org.apache.jasper.servlet.TldScanner.scanJars At least one JAR was scanned for TLDs yet contained no TLDs. Enable debug logging for this logger for a complete list of JARs that were scanned but no TLDs were found in them. Skipping unneeded JARs during scanning can improve startup time and JSP compilation time.
18-May-2018 10:38:22.065 INFO [localhost-startStop-1] org.apache.catalina.startup.HostConfig.deployDirectory Deployment of web application directory /opt/tomcat-8/webapps/examples has finished in 674 ms
18-May-2018 10:38:22.069 INFO [localhost-startStop-1] org.apache.catalina.startup.HostConfig.deployDirectory Deploying web application directory /opt/tomcat-8/webapps/idp-o
18-May-2018 10:38:23.834 INFO [localhost-startStop-1] org.apache.jasper.servlet.TldScanner.scanJars At least one JAR was scanned for TLDs yet contained no TLDs. Enable debug logging for this logger for a complete list of JARs that were scanned but no TLDs were found in them. Skipping unneeded JARs during scanning can improve startup time and JSP compilation time.
18-May-2018 10:38:37.864 INFO [localhost-startStop-1] org.apache.catalina.startup.HostConfig.deployDirectory Deployment of web application directory /opt/tomcat-8/webapps/idp-o has finished in 15,795 ms
18-May-2018 10:38:37.864 INFO [localhost-startStop-1] org.apache.catalina.startup.HostConfig.deployDirectory Deploying web application directory /opt/tomcat-8/webapps/docs
18-May-2018 10:38:37.989 INFO [localhost-startStop-1] org.apache.jasper.servlet.TldScanner.scanJars At least one JAR was scanned for TLDs yet contained no TLDs. Enable debug logging for this logger for a complete list of JARs that were scanned but no TLDs were found in them. Skipping unneeded JARs during scanning can improve startup time and JSP compilation time.
18-May-2018 10:38:37.991 INFO [localhost-startStop-1] org.apache.catalina.startup.HostConfig.deployDirectory Deployment of web application directory /opt/tomcat-8/webapps/docs has finished in 127 ms
18-May-2018 10:38:37.991 INFO [localhost-startStop-1] org.apache.catalina.startup.HostConfig.deployDirectory Deploying web application directory /opt/tomcat-8/webapps/ROOT
18-May-2018 10:38:38.058 INFO [localhost-startStop-1] org.apache.jasper.servlet.TldScanner.scanJars At least one JAR was scanned for TLDs yet contained no TLDs. Enable debug logging for this logger for a complete list of JARs that were scanned but no TLDs were found in them. Skipping unneeded JARs during scanning can improve startup time and JSP compilation time.
18-May-2018 10:38:38.059 INFO [localhost-startStop-1] org.apache.catalina.startup.HostConfig.deployDirectory Deployment of web application directory /opt/tomcat-8/webapps/ROOT has finished in 68 ms
18-May-2018 10:38:38.068 INFO [main] org.apache.coyote.AbstractProtocol.start Starting ProtocolHandler ["http-nio-8080"]
18-May-2018 10:38:38.073 INFO [main] org.apache.coyote.AbstractProtocol.start Starting ProtocolHandler ["ajp-nio-8009"]
18-May-2018 10:38:38.074 INFO [main] org.apache.catalina.startup.Catalina.start Server startup in 69952 ms
